#
# There is insufficient memory for the Java Runtime Environment to continue.
# Native memory allocation (mmap) failed to map 134217728 bytes for Failed to commit area from 0x0000000081e00000 to 0x0000000089e00000 of length 134217728.
# Possible reasons:
#   The system is out of physical RAM or swap space
#   The process is running with CompressedOops enabled, and the Java Heap may be blocking the growth of the native heap
# Possible solutions:
#   Reduce memory load on the system
#   Increase physical memory or swap space
#   Check if swap backing store is full
#   Decrease Java heap size (-Xmx/-Xms)
#   Decrease number of Java threads
#   Decrease Java thread stack sizes (-Xss)
#   Set larger code cache with -XX:ReservedCodeCacheSize=
# This output file may be truncated or incomplete.
#
#  Out of Memory Error (./src/hotspot/os/windows/os_windows.cpp:3303), pid=7664, tid=9348
#
# JRE version:  (11.0.7+10) (build )
# Java VM: OpenJDK 64-Bit Server VM (11.0.7+10, mixed mode, sharing, tiered, compressed oops, g1 gc, windows-amd64)
# No core dump will be written. Minidumps are not enabled by default on client versions of Windows
#

---------------  S U M M A R Y ------------

Command Line: -XX:TieredStopAtLevel=1 -Xverify:none -Dspring.output.ansi.enabled=always -Dcom.sun.management.jmxremote -Dspring.jmx.enabled=true -Dspring.liveBeansView.mbeanDomain -Dspring.application.admin.enabled=true -javaagent:C:\Program Files\JetBrains\IntelliJ IDEA 2020.1\lib\idea_rt.jar=64784:C:\Program Files\JetBrains\IntelliJ IDEA 2020.1\bin -Dfile.encoding=UTF-8 net.enterComputer.site.SiteApplication

Host: Intel(R) Core(TM) i5-5300U CPU @ 2.30GHz, 4 cores, 7G,  Windows 10 , 64 bit Build 18362 (10.0.18362.959)
Time: Sun Aug 16 16:31:37 2020 Egypt Standard Time elapsed time: 0 seconds (0d 0h 0m 0s)

---------------  T H R E A D  ---------------

Current thread (0x00000116d3ea0000):  JavaThread "Unknown thread" [_thread_in_vm, id=9348, stack(0x0000000a81400000,0x0000000a81500000)]

Stack: [0x0000000a81400000,0x0000000a81500000]
Native frames: (J=compiled Java code, j=interpreted, Vv=VM code, C=native code)
V  [jvm.dll+0x5dec5a]
V  [jvm.dll+0x71671e]
V  [jvm.dll+0x717def]
V  [jvm.dll+0x7184b3]
V  [jvm.dll+0x2409b8]
V  [jvm.dll+0x5dbf1a]
V  [jvm.dll+0x5d0c05]
V  [jvm.dll+0x2f614c]
V  [jvm.dll+0x2f5fd2]
V  [jvm.dll+0x2fac86]
V  [jvm.dll+0x33eb4f]
V  [jvm.dll+0x33e580]
V  [jvm.dll+0x2d3518]
V  [jvm.dll+0x2d4666]
V  [jvm.dll+0x6f2437]
V  [jvm.dll+0x6f3bbf]
V  [jvm.dll+0x34b8d9]
V  [jvm.dll+0x6d5aa0]
V  [jvm.dll+0x3b2c8f]
V  [jvm.dll+0x3b4f41]
C  [jli.dll+0x51fb]
C  [ucrtbase.dll+0x20e82]
C  [KERNEL32.DLL+0x17bd4]
C  [ntdll.dll+0x6ce51]


---------------  P R O C E S S  ---------------

Threads class SMR info:
_java_thread_list=0x00000116d1c5df20, length=0, elements={
}

Java Threads: ( => current thread )

Other Threads:
  0x00000116d3eb9800 GCTaskThread "GC Thread#0" [stack: 0x0000000a81500000,0x0000000a81600000] [id=9772]
  0x00000116d3eea800 ConcurrentGCThread "G1 Main Marker" [stack: 0x0000000a81600000,0x0000000a81700000] [id=11316]
  0x00000116d3eec800 ConcurrentGCThread "G1 Conc#0" [stack: 0x0000000a81700000,0x0000000a81800000] [id=9004]

[error occurred during error reporting (printing all threads), id 0xc0000005, EXCEPTION_ACCESS_VIOLATION (0xc0000005) at pc=0x00007ffed48d2b67]

VM state:not at safepoint (not fully initialized)

VM Mutex/Monitor currently owned by a thread:  ([mutex/lock_event])
[0x00000116d3e9cfd0] Heap_lock - owner thread: 0x00000116d3ea0000

Heap address: 0x0000000081e00000, size: 2018 MB, Compressed Oops mode: Non-zero based: 0x0000000081e00000
Narrow klass base: 0x0000000000000000, Narrow klass shift: 0

GC Heap History (0 events):
No events

Deoptimization events (0 events):
No events

Classes redefined (0 events):
No events

Internal exceptions (0 events):
No events

Events (2 events):
Event: 0.108 Loaded shared library C:\Program Files\AdoptOpenJDK\jdk-11.0.7.10-hotspot\bin\zip.dll
Event: 0.135 Loaded shared library C:\Program Files\AdoptOpenJDK\jdk-11.0.7.10-hotspot\bin\jimage.dll


Dynamic libraries:
0x00007ff71da10000 - 0x00007ff71da1d000 	C:\Program Files\AdoptOpenJDK\jdk-11.0.7.10-hotspot\bin\java.exe
0x00007fff1bc20000 - 0x00007fff1be10000 	C:\WINDOWS\SYSTEM32\ntdll.dll
0x00007ffee4f30000 - 0x00007ffee4f42000 	C:\Program Files\Avast Software\Avast\aswhook.dll
0x00007fff1a4d0000 - 0x00007fff1a582000 	C:\WINDOWS\System32\KERNEL32.DLL
0x00007fff18ff0000 - 0x00007fff19294000 	C:\WINDOWS\System32\KERNELBASE.dll
0x00007fff18c50000 - 0x00007fff18d4a000 	C:\WINDOWS\System32\ucrtbase.dll
0x00007fff118e0000 - 0x00007fff118f7000 	C:\Program Files\AdoptOpenJDK\jdk-11.0.7.10-hotspot\bin\jli.dll
0x00007fff1b750000 - 0x00007fff1b8e5000 	C:\WINDOWS\System32\USER32.dll
0x00007fff18c20000 - 0x00007fff18c41000 	C:\WINDOWS\System32\win32u.dll
0x00007fff1a610000 - 0x00007fff1a636000 	C:\WINDOWS\System32\GDI32.dll
0x00007fff18d50000 - 0x00007fff18ee6000 	C:\WINDOWS\System32\gdi32full.dll
0x00007fff19a90000 - 0x00007fff19b2e000 	C:\WINDOWS\System32\msvcp_win.dll
0x00007fff08190000 - 0x00007fff081a5000 	C:\Program Files\AdoptOpenJDK\jdk-11.0.7.10-hotspot\bin\VCRUNTIME140.dll
0x00007fff0aad0000 - 0x00007fff0ad54000 	C:\WINDOWS\WinSxS\amd64_microsoft.windows.common-controls_6595b64144ccf1df_6.0.18362.1016_none_9e7a36bbe461dae4\COMCTL32.dll
0x00007fff1a800000 - 0x00007fff1a89e000 	C:\WINDOWS\System32\msvcrt.dll
0x00007fff1b410000 - 0x00007fff1b745000 	C:\WINDOWS\System32\combase.dll
0x00007fff1b230000 - 0x00007fff1b350000 	C:\WINDOWS\System32\RPCRT4.dll
0x00007fff18ba0000 - 0x00007fff18c20000 	C:\WINDOWS\System32\bcryptPrimitives.dll
0x00007fff19fd0000 - 0x00007fff19ffe000 	C:\WINDOWS\System32\IMM32.DLL
0x00007ffee1eb0000 - 0x00007ffee1f4b000 	C:\Program Files\AdoptOpenJDK\jdk-11.0.7.10-hotspot\bin\msvcp140.dll
0x00007ffed45f0000 - 0x00007ffed50ac000 	C:\Program Files\AdoptOpenJDK\jdk-11.0.7.10-hotspot\bin\server\jvm.dll
0x00007fff1bab0000 - 0x00007fff1bb53000 	C:\WINDOWS\System32\ADVAPI32.dll
0x00007fff19f30000 - 0x00007fff19fc7000 	C:\WINDOWS\System32\sechost.dll
0x00007fff1a640000 - 0x00007fff1a648000 	C:\WINDOWS\System32\PSAPI.DLL
0x00007ffefd020000 - 0x00007ffefd029000 	C:\WINDOWS\SYSTEM32\WSOCK32.dll
0x00007fff1a650000 - 0x00007fff1a6bf000 	C:\WINDOWS\System32\WS2_32.dll
0x00007fff16880000 - 0x00007fff168a4000 	C:\WINDOWS\SYSTEM32\WINMM.dll
0x00007fff11130000 - 0x00007fff1113a000 	C:\WINDOWS\SYSTEM32\VERSION.dll
0x00007fff163b0000 - 0x00007fff163dd000 	C:\WINDOWS\SYSTEM32\WINMMBASE.dll
0x00007fff19b30000 - 0x00007fff19b7a000 	C:\WINDOWS\System32\cfgmgr32.dll
0x00007fff18b80000 - 0x00007fff18b91000 	C:\WINDOWS\System32\kernel.appcore.dll
0x00007fff15380000 - 0x00007fff15390000 	C:\Program Files\AdoptOpenJDK\jdk-11.0.7.10-hotspot\bin\verify.dll
0x00007fff10320000 - 0x00007fff10514000 	C:\WINDOWS\SYSTEM32\DBGHELP.DLL
0x00007fff102d0000 - 0x00007fff102fa000 	C:\WINDOWS\SYSTEM32\dbgcore.DLL
0x00007fff06540000 - 0x00007fff06568000 	C:\Program Files\AdoptOpenJDK\jdk-11.0.7.10-hotspot\bin\java.dll
0x00007fff08180000 - 0x00007fff0818e000 	C:\Program Files\AdoptOpenJDK\jdk-11.0.7.10-hotspot\bin\instrument.dll
0x00007fff064e0000 - 0x00007fff064f6000 	C:\Program Files\AdoptOpenJDK\jdk-11.0.7.10-hotspot\bin\zip.dll
0x00007fff08170000 - 0x00007fff0817a000 	C:\Program Files\AdoptOpenJDK\jdk-11.0.7.10-hotspot\bin\jimage.dll

dbghelp: loaded successfully - version: 4.0.5 - missing functions: none
symbol engine: initialized successfully - sym options: 0x614 - pdb path: .;C:\Program Files\AdoptOpenJDK\jdk-11.0.7.10-hotspot\bin;C:\WINDOWS\SYSTEM32;C:\Program Files\Avast Software\Avast;C:\WINDOWS\WinSxS\amd64_microsoft.windows.common-controls_6595b64144ccf1df_6.0.18362.1016_none_9e7a36bbe461dae4;C:\Program Files\AdoptOpenJDK\jdk-11.0.7.10-hotspot\bin\server

VM Arguments:
jvm_args: -XX:TieredStopAtLevel=1 -Xverify:none -Dspring.output.ansi.enabled=always -Dcom.sun.management.jmxremote -Dspring.jmx.enabled=true -Dspring.liveBeansView.mbeanDomain -Dspring.application.admin.enabled=true -javaagent:C:\Program Files\JetBrains\IntelliJ IDEA 2020.1\lib\idea_rt.jar=64784:C:\Program Files\JetBrains\IntelliJ IDEA 2020.1\bin -Dfile.encoding=UTF-8 
java_command: net.enterComputer.site.SiteApplication
java_class_path (initial): C:\Users\USER\Desktop\LETS DO IT\Intiallazier\site\site\target\classes;C:\Users\USER\.m2\repository\org\springframework\boot\spring-boot-starter-data-jpa\2.3.2.RELEASE\spring-boot-starter-data-jpa-2.3.2.RELEASE.jar;C:\Users\USER\.m2\repository\org\springframework\boot\spring-boot-starter-aop\2.3.2.RELEASE\spring-boot-starter-aop-2.3.2.RELEASE.jar;C:\Users\USER\.m2\repository\org\springframework\spring-aop\5.2.8.RELEASE\spring-aop-5.2.8.RELEASE.jar;C:\Users\USER\.m2\repository\org\aspectj\aspectjweaver\1.9.6\aspectjweaver-1.9.6.jar;C:\Users\USER\.m2\repository\org\springframework\boot\spring-boot-starter-jdbc\2.3.2.RELEASE\spring-boot-starter-jdbc-2.3.2.RELEASE.jar;C:\Users\USER\.m2\repository\com\zaxxer\HikariCP\3.4.5\HikariCP-3.4.5.jar;C:\Users\USER\.m2\repository\org\springframework\spring-jdbc\5.2.8.RELEASE\spring-jdbc-5.2.8.RELEASE.jar;C:\Users\USER\.m2\repository\jakarta\transaction\jakarta.transaction-api\1.3.3\jakarta.transaction-api-1.3.3.jar;C:\Users\USER\.m2\repository\jakarta\persistence\jakarta.persistence-api\2.2.3\jakarta.persistence-api-2.2.3.jar;C:\Users\USER\.m2\repository\org\hibernate\hibernate-core\5.4.18.Final\hibernate-core-5.4.18.Final.jar;C:\Users\USER\.m2\repository\org\jboss\logging\jboss-logging\3.4.1.Final\jboss-logging-3.4.1.Final.jar;C:\Users\USER\.m2\repository\org\javassist\javassist\3.24.0-GA\javassist-3.24.0-GA.jar;C:\Users\USER\.m2\repository\net\bytebuddy\byte-buddy\1.10.13\byte-buddy-1.10.13.jar;C:\Users\USER\.m2\repository\antlr\antlr\2.7.7\antlr-2.7.7.jar;C:\Users\USER\.m2\repository\org\jboss\jandex\2.1.3.Final\jandex-2.1.3.Final.jar;C:\Users\USER\.m2\repository\com\fasterxml\classmate\1.5.1\classmate-1.5.1.jar;C:\Users\USER\.m2\repository\org\dom4j\dom4j\2.1.3\dom4j-2.1.3.jar;C:\Users\USER\.m2\repository\org\hibernate\common\hibernate-commons-annotations\5.1.0.Final\hibernate-commons-annotations-5.1.0.Final.jar;C:\Users\USER\.m2\repository\org\glassfish\jaxb\jaxb-runtime\2.3.3\jaxb-runtime-2.3.3.j
Launcher Type: SUN_STANDARD

[Global flags]
     bool BytecodeVerificationLocal                = false                                     {product} {command line}
     bool BytecodeVerificationRemote               = false                                     {product} {command line}
     intx CICompilerCount                          = 3                                         {product} {ergonomic}
     uint ConcGCThreads                            = 1                                         {product} {ergonomic}
     uint G1ConcRefinementThreads                  = 4                                         {product} {ergonomic}
   size_t G1HeapRegionSize                         = 1048576                                   {product} {ergonomic}
    uintx GCDrainStackTargetSize                   = 64                                        {product} {ergonomic}
   size_t InitialHeapSize                          = 134217728                                 {product} {ergonomic}
     bool ManagementServer                         = true                                      {product} {command line}
   size_t MarkStackSize                            = 4194304                                   {product} {ergonomic}
   size_t MaxHeapSize                              = 2116026368                                {product} {ergonomic}
   size_t MinHeapDeltaBytes                        = 1048576                                   {product} {ergonomic}
    uintx NonNMethodCodeHeapSize                   = 6973028                                {pd product} {ergonomic}
    uintx NonProfiledCodeHeapSize                  = 244685212                              {pd product} {ergonomic}
    uintx ProfiledCodeHeapSize                     = 0                                      {pd product} {ergonomic}
    uintx ReservedCodeCacheSize                    = 251658240                              {pd product} {ergonomic}
     bool SegmentedCodeCache                       = true                                      {product} {ergonomic}
     intx TieredStopAtLevel                        = 1                                         {product} {command line}
     bool UseCompressedClassPointers               = true                                 {lp64_product} {ergonomic}
     bool UseCompressedOops                        = true                                 {lp64_product} {ergonomic}
     bool UseG1GC                                  = true                                      {product} {ergonomic}
     bool UseLargePagesIndividualAllocation        = false                                  {pd product} {ergonomic}

Logging:
Log output configuration:
 #0: stdout all=warning uptime,level,tags
 #1: stderr all=off uptime,level,tags

Environment Variables:
JAVA_HOME=C:\Program Files\AdoptOpenJDK\jdk-11.0.7.10-hotspot
JRE_HOME=C:\Program Files\Java\jre1.8.0_251
PATH=C:\Program Files (x86)\Common Files\Oracle\Java\javapath;C:\Program Files\AdoptOpenJDK\jre-8.0.252.09-hotspot\bin;C:\Program Files\AdoptOpenJDK\jdk-8.0.252.09-hotspot\bin;C:\Program Files\AdoptOpenJDK\jdk-11.0.7.10-hotspot\bin;C:\WINDOWS\system32;C:\WINDOWS;C:\WINDOWS\System32\Wbem;C:\WINDOWS\System32\WindowsPowerShell\v1.0\;C:\WINDOWS\System32\OpenSSH\;C:\Program Files\Microsoft SQL Server\120\Tools\Binn\;C:\Program Files\Microsoft SQL Server\Client SDK\ODBC\110\Tools\Binn\;C:\Program Files (x86)\Microsoft SQL Server\120\Tools\Binn\;C:\Program Files\Microsoft SQL Server\120\DTS\Binn\;C:\Program Files (x86)\Microsoft SQL Server\120\Tools\Binn\ManagementStudio\;C:\Program Files (x86)\Microsoft SQL Server\120\DTS\Binn\;C:\Program Files\Microsoft SQL Server\130\Tools\Binn\;C:\Program Files\Microsoft SQL Server\Client SDK\ODBC\170\Tools\Binn\;C:\Program Files\Java\jdk1.8.0_231\bin;C:\Program Files\Java\jre1.8.0_231\bin;C:\Program Files\Java\jdk-13.0.1\bin;C:\Program Files\Java\jre1.8.0_241\bin;C:\Program Files\Java\jdk\bin;C:\Program Files\apache-maven-3.6.3-bin\apache-maven-3.6.3\bin;C:\Program Files\Java\jre1.8.0_251\bin;C:\Users\USER\Downloads\Compressed\OpenJDK11U-jre_x64_windows_hotspot_11.0.7_10\jdk-11.0.7+10-jre\bin;C:\Users\USER\Downloads\Compressed\spring-boot-cli-2.3.0.RELEASE-bin\spring-2.3.0.RELEASE\bin;C:\Program Files\nodejs\;C:\ProgramData\chocolatey\bin;C:\Program Files (x86)\Yarn\bin\;C:\Program Files\Git\cmd;C:\Program Files\apache-maven-3.6.3-bin\apache-maven-3.6.3\apache-maven-3.6.3\bin;C:\Program Files\MySQL\MySQL Shell 8.0\bin\;C:\Users\USER\AppData\Local\Programs\Python\Python38\Scripts\;C:\Users\USER\AppData\Local\Programs\Python\Python38\;C:\Users\USER\AppData\Local\Microsoft\WindowsApps;C:\Program Files\JetBrains\PyCharm Community Edition 2019.3.3\bin;C:\Program Files\JetBrains\IntelliJ IDEA 2020.1\bin;C:\Users\USER\AppData\Local\Programs\Microsoft VS Code\bin;C:\Users\USER\Downloads\Compressed\spring-boot-cli-2.3.0.RELEASE-bin\spring-2.3.0.R
USERNAME=Fatma
OS=Windows_NT
PROCESSOR_IDENTIFIER=Intel64 Family 6 Model 61 Stepping 4, GenuineIntel



---------------  S Y S T E M  ---------------

OS: Windows 10 , 64 bit Build 18362 (10.0.18362.959)
OS uptime: 0 days 21:00 hours

CPU:total 4 (initial active 4) (2 cores per cpu, 2 threads per core) family 6 model 61 stepping 4, cmov, cx8, fxsr, mmx, sse, sse2, sse3, ssse3, sse4.1, sse4.2, popcnt, avx, avx2, aes, clmul, erms, rtm, 3dnowpref, lzcnt, ht, tsc, tscinvbit, bmi1, bmi2, adx, fma

Memory: 4k page, system-wide physical 8067M (514M free)
TotalPageFile size 19952M (AvailPageFile size 87M)
current process WorkingSet (physical memory assigned to process): 10M, peak: 10M
current process commit charge ("private bytes"): 49M, peak: 177M

vm_info: OpenJDK 64-Bit Server VM (11.0.7+10) for windows-amd64 JRE (11.0.7+10), built on Apr 16 2020 11:43:40 by "" with MS VC++ 15.9 (VS2017)

END.
