#
# There is insufficient memory for the Java Runtime Environment to continue.
# Native memory allocation (malloc) failed to allocate 1048576 bytes for AllocateHeap
# Possible reasons:
#   The system is out of physical RAM or swap space
#   The process is running with CompressedOops enabled, and the Java Heap may be blocking the growth of the native heap
# Possible solutions:
#   Reduce memory load on the system
#   Increase physical memory or swap space
#   Check if swap backing store is full
#   Decrease Java heap size (-Xmx/-Xms)
#   Decrease number of Java threads
#   Decrease Java thread stack sizes (-Xss)
#   Set larger code cache with -XX:ReservedCodeCacheSize=
#   JVM is running with Unscaled Compressed Oops mode in which the Java heap is
#     placed in the first 4GB address space. The Java Heap base address is the
#     maximum limit for the native heap growth. Please use -XX:HeapBaseMinAddress
#     to set the Java Heap base and to place the Java Heap above 4GB virtual address.
# This output file may be truncated or incomplete.
#
#  Out of Memory Error (./src/hotspot/share/memory/allocation.cpp:46), pid=9360, tid=14028
#
# JRE version: OpenJDK Runtime Environment (11.0.7+10) (build 11.0.7+10)
# Java VM: OpenJDK 64-Bit Server VM (11.0.7+10, mixed mode, tiered, compressed oops, g1 gc, windows-amd64)
# No core dump will be written. Minidumps are not enabled by default on client versions of Windows
#

---------------  S U M M A R Y ------------

Command Line: -XX:TieredStopAtLevel=1 -Xverify:none -Dspring.output.ansi.enabled=always -Dcom.sun.management.jmxremote -Dspring.jmx.enabled=true -Dspring.liveBeansView.mbeanDomain -Dspring.application.admin.enabled=true -javaagent:C:\Program Files\JetBrains\IntelliJ IDEA 2020.1\lib\idea_rt.jar=60105:C:\Program Files\JetBrains\IntelliJ IDEA 2020.1\bin -Dfile.encoding=UTF-8 net.enterComputer.site.SiteApplication

Host: Intel(R) Core(TM) i5-5300U CPU @ 2.30GHz, 4 cores, 7G,  Windows 10 , 64 bit Build 18362 (10.0.18362.959)
Time: Sun Aug 16 12:50:05 2020 Egypt Standard Time elapsed time: 33382 seconds (0d 9h 16m 22s)

---------------  T H R E A D  ---------------

Current thread (0x0000022b7be99000):  VMThread "VM Thread" [stack: 0x000000a4e9d00000,0x000000a4e9e00000] [id=14028]

Stack: [0x000000a4e9d00000,0x000000a4e9e00000]
[error occurred during error reporting (printing stack bounds), id 0xc0000005, EXCEPTION_ACCESS_VIOLATION (0xc0000005) at pc=0x0000022b65e90dad]

Native frames: (J=compiled Java code, j=interpreted, Vv=VM code, C=native code)
V  [jvm.dll+0x5dec5a]
V  [jvm.dll+0x71671e]
V  [jvm.dll+0x717def]
V  [jvm.dll+0x718415]
V  [jvm.dll+0x7183cb]
V  [jvm.dll+0x5de253]
V  [jvm.dll+0x5de908]
C  [ntdll.dll+0xa11cf]
C  [ntdll.dll+0x6a209]
C  [ntdll.dll+0x9fe3e]
C  0x0000022b65e90dad

VM_Operation (0x000000a4eacfe9d0): G1CollectFull, mode: safepoint, requested by thread 0x0000022b00c5e000


---------------  P R O C E S S  ---------------

Threads class SMR info:
_java_thread_list=0x0000022b01140060, length=15, elements={
0x0000022b7becf800, 0x0000022b7bec0000, 0x0000022b7bed9000, 0x0000022b7beda000,
0x0000022b7c822800, 0x0000022b7c823800, 0x0000022b7c95c000, 0x0000022b7cbde000,
0x0000022b7cd0d000, 0x0000022b7cf0c800, 0x0000022b7df66000, 0x0000022b7e756800,
0x0000022b7d25b000, 0x0000022b00c65000, 0x0000022b00c5e000
}

Java Threads: ( => current thread )
  0x0000022b7becf800 JavaThread "Reference Handler" daemon [_thread_blocked, id=14316, stack(0x000000a4e9e00000,0x000000a4e9f00000)]
  0x0000022b7bec0000 JavaThread "Finalizer" daemon [_thread_blocked, id=8716, stack(0x000000a4e9f00000,0x000000a4ea000000)]
  0x0000022b7bed9000 JavaThread "Signal Dispatcher" daemon [_thread_blocked, id=10672, stack(0x000000a4ea000000,0x000000a4ea100000)]
  0x0000022b7beda000 JavaThread "Attach Listener" daemon [_thread_blocked, id=14252, stack(0x000000a4ea100000,0x000000a4ea200000)]
  0x0000022b7c822800 JavaThread "C1 CompilerThread0" daemon [_thread_blocked, id=2184, stack(0x000000a4ea200000,0x000000a4ea300000)]
  0x0000022b7c823800 JavaThread "Sweeper thread" daemon [_thread_blocked, id=6560, stack(0x000000a4ea300000,0x000000a4ea400000)]
  0x0000022b7c95c000 JavaThread "Common-Cleaner" daemon [_thread_blocked, id=15660, stack(0x000000a4ea400000,0x000000a4ea500000)]
  0x0000022b7cbde000 JavaThread "Monitor Ctrl-Break" daemon [_thread_in_native, id=15120, stack(0x000000a4ea500000,0x000000a4ea600000)]
  0x0000022b7cd0d000 JavaThread "Service Thread" daemon [_thread_blocked, id=4748, stack(0x000000a4ea600000,0x000000a4ea700000)]
  0x0000022b7cf0c800 JavaThread "RMI TCP Accept-0" daemon [_thread_in_native, id=13032, stack(0x000000a4ea700000,0x000000a4ea800000)]
  0x0000022b7df66000 JavaThread "RMI Scheduler(0)" daemon [_thread_blocked, id=6360, stack(0x000000a4eb100000,0x000000a4eb200000)]
  0x0000022b7e756800 JavaThread "mysql-cj-abandoned-connection-cleanup" daemon [_thread_blocked, id=11464, stack(0x000000a4eae00000,0x000000a4eaf00000)]
  0x0000022b7d25b000 JavaThread "Live Reload Server" daemon [_thread_in_native, id=12532, stack(0x000000a4ebb00000,0x000000a4ebc00000)]
  0x0000022b00c65000 JavaThread "DestroyJavaVM" [_thread_blocked, id=10844, stack(0x000000a4e9700000,0x000000a4e9800000)]
  0x0000022b00c5e000 JavaThread "Thread-5" [_thread_blocked, id=2196, stack(0x000000a4eac00000,0x000000a4ead00000)]

Other Threads:
=>0x0000022b7be99000 VMThread "VM Thread" [stack: 0x000000a4e9d00000,0x000000a4e9e00000] [id=14028]
  0x0000022b7cf17800 WatcherThread [stack: 0x000000a4ea800000,0x000000a4ea900000] [id=15316]
  0x0000022b5d859800 GCTaskThread "GC Thread#0" [stack: 0x000000a4e9800000,0x000000a4e9900000] [id=14324]
  0x0000022b7cfde800 GCTaskThread "GC Thread#1" [stack: 0x000000a4ea900000,0x000000a4eaa00000] [id=10100]
  0x0000022b7d01f000 GCTaskThread "GC Thread#2" [stack: 0x000000a4eaa00000,0x000000a4eab00000] [id=2920]
  0x0000022b7dee2000 GCTaskThread "GC Thread#3" [stack: 0x000000a4eaf00000,0x000000a4eb000000] [id=12408]
  0x0000022b5d88a800 ConcurrentGCThread "G1 Main Marker" [stack: 0x000000a4e9900000,0x000000a4e9a00000] [id=12456]
  0x0000022b5d88c800 ConcurrentGCThread "G1 Conc#0" [stack: 0x000000a4e9a00000,0x000000a4e9b00000] [id=8968]
  0x0000022b7bd06800 ConcurrentGCThread "G1 Refine#0" [stack: 0x000000a4e9b00000,0x000000a4e9c00000] [id=15760]
  0x0000022b7cac6000 ConcurrentGCThread "G1 Refine#1" [stack: 0x000000a4eab00000,0x000000a4eac00000] [id=14520]
  0x0000022b7bd08800 ConcurrentGCThread "G1 Young RemSet Sampling" [stack: 0x000000a4e9c00000,0x000000a4e9d00000] [id=16156]

Threads with active compile tasks:

VM state:at safepoint (normal execution)

VM Mutex/Monitor currently owned by a thread:  ([mutex/lock_event])
[0x0000022b5d83c2e0] Threads_lock - owner thread: 0x0000022b7be99000
[0x0000022b5d83cfd0] Heap_lock - owner thread: 0x0000022b00c5e000

Heap address: 0x0000000081e00000, size: 2018 MB, Compressed Oops mode: 32-bit
Narrow klass base: 0x0000000000000000, Narrow klass shift: 3
Compressed class space size: 1073741824 Address: 0x0000000100000000

Heap:
 garbage-first heap   total 189440K, used 131488K [0x0000000081e00000, 0x0000000100000000)
  region size 1024K, 96 young (98304K), 6 survivors (6144K)
 Metaspace       used 63857K, capacity 65724K, committed 65964K, reserved 1105920K
  class space    used 8236K, capacity 8958K, committed 8960K, reserved 1048576K
Heap Regions: E=young(eden), S=young(survivor), O=old, HS=humongous(starts), HC=humongous(continues), CS=collection set, F=free, A=archive, TAMS=top-at-mark-start (previous, next)
|   0|0x0000000081e00000, 0x0000000081f00000, 0x0000000081f00000|100%|HS|  |TAMS 0x0000000081f00000, 0x0000000081e00000| Complete 
|   1|0x0000000081f00000, 0x0000000082000000, 0x0000000082000000|100%| O|  |TAMS 0x0000000082000000, 0x0000000081f00000| Untracked 
|   2|0x0000000082000000, 0x0000000082100000, 0x0000000082100000|100%| O|  |TAMS 0x0000000082100000, 0x0000000082000000| Untracked 
|   3|0x0000000082100000, 0x0000000082200000, 0x0000000082200000|100%| O|  |TAMS 0x0000000082200000, 0x0000000082100000| Untracked 
|   4|0x0000000082200000, 0x0000000082300000, 0x0000000082300000|100%| O|  |TAMS 0x0000000082300000, 0x0000000082200000| Untracked 
|   5|0x0000000082300000, 0x0000000082400000, 0x0000000082400000|100%| O|  |TAMS 0x0000000082400000, 0x0000000082300000| Untracked 
|   6|0x0000000082400000, 0x0000000082500000, 0x0000000082500000|100%| O|  |TAMS 0x0000000082500000, 0x0000000082400000| Untracked 
|   7|0x0000000082500000, 0x0000000082600000, 0x0000000082600000|100%| O|  |TAMS 0x0000000082600000, 0x0000000082500000| Untracked 
|   8|0x0000000082600000, 0x0000000082700000, 0x0000000082700000|100%| O|  |TAMS 0x0000000082700000, 0x0000000082600000| Untracked 
|   9|0x0000000082700000, 0x0000000082800000, 0x0000000082800000|100%| O|  |TAMS 0x0000000082800000, 0x0000000082700000| Untracked 
|  10|0x0000000082800000, 0x0000000082900000, 0x0000000082900000|100%| O|  |TAMS 0x0000000082900000, 0x0000000082800000| Untracked 
|  11|0x0000000082900000, 0x0000000082a00000, 0x0000000082a00000|100%| O|  |TAMS 0x0000000082a00000, 0x0000000082900000| Untracked 
|  12|0x0000000082a00000, 0x0000000082b00000, 0x0000000082b00000|100%| O|  |TAMS 0x0000000082b00000, 0x0000000082a00000| Untracked 
|  13|0x0000000082b00000, 0x0000000082c00000, 0x0000000082c00000|100%| O|  |TAMS 0x0000000082c00000, 0x0000000082b00000| Untracked 
|  14|0x0000000082c00000, 0x0000000082d00000, 0x0000000082d00000|100%| O|  |TAMS 0x0000000082d00000, 0x0000000082c00000| Untracked 
|  15|0x0000000082d00000, 0x0000000082e00000, 0x0000000082e00000|100%| O|  |TAMS 0x0000000082e00000, 0x0000000082d00000| Untracked 
|  16|0x0000000082e00000, 0x0000000082f00000, 0x0000000082f00000|100%| O|  |TAMS 0x0000000082f00000, 0x0000000082e00000| Untracked 
|  17|0x0000000082f00000, 0x0000000083000000, 0x0000000083000000|100%| O|  |TAMS 0x0000000083000000, 0x0000000082f00000| Untracked 
|  18|0x0000000083000000, 0x0000000083100000, 0x0000000083100000|100%| O|  |TAMS 0x0000000083100000, 0x0000000083000000| Untracked 
|  19|0x0000000083100000, 0x0000000083200000, 0x0000000083200000|100%| O|  |TAMS 0x0000000083200000, 0x0000000083100000| Untracked 
|  20|0x0000000083200000, 0x0000000083300000, 0x0000000083300000|100%| O|  |TAMS 0x0000000083300000, 0x0000000083200000| Untracked 
|  21|0x0000000083300000, 0x0000000083400000, 0x0000000083400000|100%| O|  |TAMS 0x0000000083400000, 0x0000000083300000| Untracked 
|  22|0x0000000083400000, 0x0000000083500000, 0x0000000083500000|100%| O|  |TAMS 0x0000000083500000, 0x0000000083400000| Untracked 
|  23|0x0000000083500000, 0x0000000083600000, 0x0000000083600000|100%| O|  |TAMS 0x00000000835e6c00, 0x0000000083500000| Untracked 
|  24|0x0000000083600000, 0x0000000083700000, 0x0000000083700000|100%| O|  |TAMS 0x0000000083600000, 0x0000000083600000| Untracked 
|  25|0x0000000083700000, 0x0000000083800000, 0x0000000083800000|100%| O|  |TAMS 0x0000000083700000, 0x0000000083700000| Untracked 
|  26|0x0000000083800000, 0x0000000083900000, 0x0000000083900000|100%| O|  |TAMS 0x0000000083800000, 0x0000000083800000| Untracked 
|  27|0x0000000083900000, 0x0000000083a00000, 0x0000000083a00000|100%| O|  |TAMS 0x0000000083900000, 0x0000000083900000| Untracked 
|  28|0x0000000083a00000, 0x0000000083b00000, 0x0000000083b00000|100%| O|  |TAMS 0x0000000083a00000, 0x0000000083a00000| Untracked 
|  29|0x0000000083b00000, 0x0000000083c00000, 0x0000000083c00000|100%| O|  |TAMS 0x0000000083b00000, 0x0000000083b00000| Untracked 
|  30|0x0000000083c00000, 0x0000000083d00000, 0x0000000083d00000|100%| O|  |TAMS 0x0000000083c00000, 0x0000000083c00000| Untracked 
|  31|0x0000000083d00000, 0x0000000083e00000, 0x0000000083e00000|100%| O|  |TAMS 0x0000000083d00000, 0x0000000083d00000| Untracked 
|  32|0x0000000083e00000, 0x0000000083f00000, 0x0000000083f00000|100%| O|  |TAMS 0x0000000083e00000, 0x0000000083e00000| Untracked 
|  33|0x0000000083f00000, 0x0000000083f70600, 0x0000000084000000| 43%| O|  |TAMS 0x0000000083f00000, 0x0000000083f00000| Untracked 
|  34|0x0000000084000000, 0x0000000084000000, 0x0000000084100000|  0%| F|  |TAMS 0x0000000084000000, 0x0000000084000000| Untracked 
|  35|0x0000000084100000, 0x0000000084100000, 0x0000000084200000|  0%| F|  |TAMS 0x0000000084100000, 0x0000000084100000| Untracked 
|  36|0x0000000084200000, 0x0000000084200000, 0x0000000084300000|  0%| F|  |TAMS 0x0000000084200000, 0x0000000084200000| Untracked 
|  37|0x0000000084300000, 0x0000000084300000, 0x0000000084400000|  0%| F|  |TAMS 0x0000000084300000, 0x0000000084300000| Untracked 
|  38|0x0000000084400000, 0x0000000084400000, 0x0000000084500000|  0%| F|  |TAMS 0x0000000084400000, 0x0000000084400000| Untracked 
|  39|0x0000000084500000, 0x0000000084500000, 0x0000000084600000|  0%| F|  |TAMS 0x0000000084500000, 0x0000000084500000| Untracked 
|  40|0x0000000084600000, 0x0000000084600000, 0x0000000084700000|  0%| F|  |TAMS 0x0000000084600000, 0x0000000084600000| Untracked 
|  41|0x0000000084700000, 0x0000000084700000, 0x0000000084800000|  0%| F|  |TAMS 0x0000000084700000, 0x0000000084700000| Untracked 
|  42|0x0000000084800000, 0x0000000084800000, 0x0000000084900000|  0%| F|  |TAMS 0x0000000084800000, 0x0000000084800000| Untracked 
|  43|0x0000000084900000, 0x0000000084900000, 0x0000000084a00000|  0%| F|  |TAMS 0x0000000084900000, 0x0000000084900000| Untracked 
|  44|0x0000000084a00000, 0x0000000084a00000, 0x0000000084b00000|  0%| F|  |TAMS 0x0000000084a00000, 0x0000000084a00000| Untracked 
|  45|0x0000000084b00000, 0x0000000084b00000, 0x0000000084c00000|  0%| F|  |TAMS 0x0000000084b00000, 0x0000000084b00000| Untracked 
|  46|0x0000000084c00000, 0x0000000084c00000, 0x0000000084d00000|  0%| F|  |TAMS 0x0000000084c00000, 0x0000000084c00000| Untracked 
|  47|0x0000000084d00000, 0x0000000084d00000, 0x0000000084e00000|  0%| F|  |TAMS 0x0000000084d00000, 0x0000000084d00000| Untracked 
|  48|0x0000000084e00000, 0x0000000084e00000, 0x0000000084f00000|  0%| F|  |TAMS 0x0000000084e00000, 0x0000000084e00000| Untracked 
|  49|0x0000000084f00000, 0x0000000084f00000, 0x0000000085000000|  0%| F|  |TAMS 0x0000000084f00000, 0x0000000084f00000| Untracked 
|  50|0x0000000085000000, 0x0000000085000000, 0x0000000085100000|  0%| F|  |TAMS 0x0000000085000000, 0x0000000085000000| Untracked 
|  51|0x0000000085100000, 0x0000000085100000, 0x0000000085200000|  0%| F|  |TAMS 0x0000000085100000, 0x0000000085100000| Untracked 
|  52|0x0000000085200000, 0x0000000085200000, 0x0000000085300000|  0%| F|  |TAMS 0x0000000085200000, 0x0000000085200000| Untracked 
|  53|0x0000000085300000, 0x0000000085300000, 0x0000000085400000|  0%| F|  |TAMS 0x0000000085300000, 0x0000000085300000| Untracked 
|  54|0x0000000085400000, 0x0000000085400000, 0x0000000085500000|  0%| F|  |TAMS 0x0000000085400000, 0x0000000085400000| Untracked 
|  55|0x0000000085500000, 0x0000000085500000, 0x0000000085600000|  0%| F|  |TAMS 0x0000000085500000, 0x0000000085500000| Untracked 
|  56|0x0000000085600000, 0x0000000085600000, 0x0000000085700000|  0%| F|  |TAMS 0x0000000085600000, 0x0000000085600000| Untracked 
|  57|0x0000000085700000, 0x0000000085700000, 0x0000000085800000|  0%| F|  |TAMS 0x0000000085700000, 0x0000000085700000| Untracked 
|  58|0x0000000085800000, 0x0000000085800000, 0x0000000085900000|  0%| F|  |TAMS 0x0000000085800000, 0x0000000085800000| Untracked 
|  59|0x0000000085900000, 0x0000000085900000, 0x0000000085a00000|  0%| F|  |TAMS 0x0000000085900000, 0x0000000085900000| Untracked 
|  60|0x0000000085a00000, 0x0000000085a00000, 0x0000000085b00000|  0%| F|  |TAMS 0x0000000085a00000, 0x0000000085a00000| Untracked 
|  61|0x0000000085b00000, 0x0000000085b00000, 0x0000000085c00000|  0%| F|  |TAMS 0x0000000085b00000, 0x0000000085b00000| Untracked 
|  62|0x0000000085c00000, 0x0000000085c00000, 0x0000000085d00000|  0%| F|  |TAMS 0x0000000085c00000, 0x0000000085c00000| Untracked 
|  63|0x0000000085d00000, 0x0000000085d00000, 0x0000000085e00000|  0%| F|  |TAMS 0x0000000085d00000, 0x0000000085d00000| Untracked 
|  64|0x0000000085e00000, 0x0000000085e00000, 0x0000000085f00000|  0%| F|  |TAMS 0x0000000085e00000, 0x0000000085e00000| Untracked 
|  65|0x0000000085f00000, 0x0000000085f00000, 0x0000000086000000|  0%| F|  |TAMS 0x0000000085f00000, 0x0000000085f00000| Untracked 
|  66|0x0000000086000000, 0x0000000086000000, 0x0000000086100000|  0%| F|  |TAMS 0x0000000086000000, 0x0000000086000000| Untracked 
|  67|0x0000000086100000, 0x0000000086100000, 0x0000000086200000|  0%| F|  |TAMS 0x0000000086100000, 0x0000000086100000| Untracked 
|  68|0x0000000086200000, 0x0000000086200000, 0x0000000086300000|  0%| F|  |TAMS 0x0000000086200000, 0x0000000086200000| Untracked 
|  69|0x0000000086300000, 0x0000000086300000, 0x0000000086400000|  0%| F|  |TAMS 0x0000000086300000, 0x0000000086300000| Untracked 
|  70|0x0000000086400000, 0x0000000086400000, 0x0000000086500000|  0%| F|  |TAMS 0x0000000086400000, 0x0000000086400000| Untracked 
|  71|0x0000000086500000, 0x00000000865f7df0, 0x0000000086600000| 96%| S|CS|TAMS 0x0000000086500000, 0x0000000086500000| Complete 
|  72|0x0000000086600000, 0x0000000086700000, 0x0000000086700000|100%| S|CS|TAMS 0x0000000086600000, 0x0000000086600000| Complete 
|  73|0x0000000086700000, 0x0000000086700000, 0x0000000086800000|  0%| F|  |TAMS 0x0000000086700000, 0x0000000086700000| Untracked 
|  74|0x0000000086800000, 0x0000000086800000, 0x0000000086900000|  0%| F|  |TAMS 0x0000000086800000, 0x0000000086800000| Untracked 
|  75|0x0000000086900000, 0x0000000086a00000, 0x0000000086a00000|100%| S|CS|TAMS 0x0000000086900000, 0x0000000086900000| Complete 
|  76|0x0000000086a00000, 0x0000000086a00000, 0x0000000086b00000|  0%| F|  |TAMS 0x0000000086a00000, 0x0000000086a00000| Untracked 
|  77|0x0000000086b00000, 0x0000000086b00000, 0x0000000086c00000|  0%| F|  |TAMS 0x0000000086b00000, 0x0000000086b00000| Untracked 
|  78|0x0000000086c00000, 0x0000000086d00000, 0x0000000086d00000|100%| S|CS|TAMS 0x0000000086c00000, 0x0000000086c00000| Complete 
|  79|0x0000000086d00000, 0x0000000086e00000, 0x0000000086e00000|100%| S|CS|TAMS 0x0000000086d00000, 0x0000000086d00000| Complete 
|  80|0x0000000086e00000, 0x0000000086f00000, 0x0000000086f00000|100%| S|CS|TAMS 0x0000000086e00000, 0x0000000086e00000| Complete 
|  81|0x0000000086f00000, 0x0000000086f00000, 0x0000000087000000|  0%| F|  |TAMS 0x0000000086f00000, 0x0000000086f00000| Untracked 
|  82|0x0000000087000000, 0x0000000087000000, 0x0000000087100000|  0%| F|  |TAMS 0x0000000087000000, 0x0000000087000000| Untracked 
|  83|0x0000000087100000, 0x0000000087100000, 0x0000000087200000|  0%| F|  |TAMS 0x0000000087100000, 0x0000000087100000| Untracked 
|  84|0x0000000087200000, 0x0000000087200000, 0x0000000087300000|  0%| F|  |TAMS 0x0000000087200000, 0x0000000087200000| Untracked 
|  85|0x0000000087300000, 0x0000000087300000, 0x0000000087400000|  0%| F|  |TAMS 0x0000000087300000, 0x0000000087300000| Untracked 
|  86|0x0000000087400000, 0x0000000087400000, 0x0000000087500000|  0%| F|  |TAMS 0x0000000087400000, 0x0000000087400000| Untracked 
|  87|0x0000000087500000, 0x0000000087500000, 0x0000000087600000|  0%| F|  |TAMS 0x0000000087500000, 0x0000000087500000| Untracked 
|  88|0x0000000087600000, 0x0000000087600000, 0x0000000087700000|  0%| F|  |TAMS 0x0000000087600000, 0x0000000087600000| Untracked 
|  89|0x0000000087700000, 0x0000000087700000, 0x0000000087800000|  0%| F|  |TAMS 0x0000000087700000, 0x0000000087700000| Untracked 
|  90|0x0000000087800000, 0x0000000087800000, 0x0000000087900000|  0%| F|  |TAMS 0x0000000087800000, 0x0000000087800000| Untracked 
|  91|0x0000000087900000, 0x0000000087900000, 0x0000000087a00000|  0%| F|  |TAMS 0x0000000087900000, 0x0000000087900000| Untracked 
|  92|0x0000000087a00000, 0x0000000087a00000, 0x0000000087b00000|  0%| F|  |TAMS 0x0000000087a00000, 0x0000000087a00000| Untracked 
|  93|0x0000000087b00000, 0x0000000087b00000, 0x0000000087c00000|  0%| F|  |TAMS 0x0000000087b00000, 0x0000000087b00000| Untracked 
|  94|0x0000000087c00000, 0x0000000087c00000, 0x0000000087d00000|  0%| F|  |TAMS 0x0000000087c00000, 0x0000000087c00000| Untracked 
|  95|0x0000000087d00000, 0x0000000087d86f38, 0x0000000087e00000| 52%| E|  |TAMS 0x0000000087d00000, 0x0000000087d00000| Complete 
|  96|0x0000000087e00000, 0x0000000087f00000, 0x0000000087f00000|100%| E|CS|TAMS 0x0000000087e00000, 0x0000000087e00000| Complete 
|  97|0x0000000087f00000, 0x0000000088000000, 0x0000000088000000|100%| E|CS|TAMS 0x0000000087f00000, 0x0000000087f00000| Complete 
|  98|0x0000000088000000, 0x0000000088100000, 0x0000000088100000|100%| E|CS|TAMS 0x0000000088000000, 0x0000000088000000| Complete 
|  99|0x0000000088100000, 0x0000000088200000, 0x0000000088200000|100%| E|CS|TAMS 0x0000000088100000, 0x0000000088100000| Complete 
| 100|0x0000000088200000, 0x0000000088300000, 0x0000000088300000|100%| E|CS|TAMS 0x0000000088200000, 0x0000000088200000| Complete 
| 101|0x0000000088300000, 0x0000000088400000, 0x0000000088400000|100%| E|CS|TAMS 0x0000000088300000, 0x0000000088300000| Complete 
| 102|0x0000000088400000, 0x0000000088500000, 0x0000000088500000|100%| E|CS|TAMS 0x0000000088400000, 0x0000000088400000| Complete 
| 103|0x0000000088500000, 0x0000000088600000, 0x0000000088600000|100%| E|CS|TAMS 0x0000000088500000, 0x0000000088500000| Complete 
| 104|0x0000000088600000, 0x0000000088700000, 0x0000000088700000|100%| E|CS|TAMS 0x0000000088600000, 0x0000000088600000| Complete 
| 105|0x0000000088700000, 0x0000000088800000, 0x0000000088800000|100%| E|CS|TAMS 0x0000000088700000, 0x0000000088700000| Complete 
| 106|0x0000000088800000, 0x0000000088900000, 0x0000000088900000|100%| E|CS|TAMS 0x0000000088800000, 0x0000000088800000| Complete 
| 107|0x0000000088900000, 0x0000000088a00000, 0x0000000088a00000|100%| E|CS|TAMS 0x0000000088900000, 0x0000000088900000| Complete 
| 108|0x0000000088a00000, 0x0000000088b00000, 0x0000000088b00000|100%| E|CS|TAMS 0x0000000088a00000, 0x0000000088a00000| Complete 
| 109|0x0000000088b00000, 0x0000000088c00000, 0x0000000088c00000|100%| E|CS|TAMS 0x0000000088b00000, 0x0000000088b00000| Complete 
| 110|0x0000000088c00000, 0x0000000088d00000, 0x0000000088d00000|100%| E|CS|TAMS 0x0000000088c00000, 0x0000000088c00000| Complete 
| 111|0x0000000088d00000, 0x0000000088e00000, 0x0000000088e00000|100%| E|CS|TAMS 0x0000000088d00000, 0x0000000088d00000| Complete 
| 112|0x0000000088e00000, 0x0000000088f00000, 0x0000000088f00000|100%| E|CS|TAMS 0x0000000088e00000, 0x0000000088e00000| Complete 
| 113|0x0000000088f00000, 0x0000000089000000, 0x0000000089000000|100%| E|CS|TAMS 0x0000000088f00000, 0x0000000088f00000| Complete 
| 114|0x0000000089000000, 0x0000000089100000, 0x0000000089100000|100%| E|CS|TAMS 0x0000000089000000, 0x0000000089000000| Complete 
| 115|0x0000000089100000, 0x0000000089200000, 0x0000000089200000|100%| E|CS|TAMS 0x0000000089100000, 0x0000000089100000| Complete 
| 116|0x0000000089200000, 0x0000000089300000, 0x0000000089300000|100%| E|CS|TAMS 0x0000000089200000, 0x0000000089200000| Complete 
| 117|0x0000000089300000, 0x0000000089400000, 0x0000000089400000|100%| E|CS|TAMS 0x0000000089300000, 0x0000000089300000| Complete 
| 118|0x0000000089400000, 0x0000000089500000, 0x0000000089500000|100%| E|CS|TAMS 0x0000000089400000, 0x0000000089400000| Complete 
| 119|0x0000000089500000, 0x0000000089600000, 0x0000000089600000|100%| E|CS|TAMS 0x0000000089500000, 0x0000000089500000| Complete 
| 120|0x0000000089600000, 0x0000000089700000, 0x0000000089700000|100%| E|CS|TAMS 0x0000000089600000, 0x0000000089600000| Complete 
| 121|0x0000000089700000, 0x0000000089800000, 0x0000000089800000|100%| E|CS|TAMS 0x0000000089700000, 0x0000000089700000| Complete 
| 122|0x0000000089800000, 0x0000000089900000, 0x0000000089900000|100%| E|CS|TAMS 0x0000000089800000, 0x0000000089800000| Complete 
| 123|0x0000000089900000, 0x0000000089a00000, 0x0000000089a00000|100%| E|CS|TAMS 0x0000000089900000, 0x0000000089900000| Complete 
| 124|0x0000000089a00000, 0x0000000089b00000, 0x0000000089b00000|100%| E|CS|TAMS 0x0000000089a00000, 0x0000000089a00000| Complete 
| 125|0x0000000089b00000, 0x0000000089c00000, 0x0000000089c00000|100%| E|CS|TAMS 0x0000000089b00000, 0x0000000089b00000| Complete 
| 126|0x0000000089c00000, 0x0000000089d00000, 0x0000000089d00000|100%| E|CS|TAMS 0x0000000089c00000, 0x0000000089c00000| Complete 
| 127|0x0000000089d00000, 0x0000000089e00000, 0x0000000089e00000|100%| E|CS|TAMS 0x0000000089d00000, 0x0000000089d00000| Complete 
| 128|0x0000000089e00000, 0x0000000089f00000, 0x0000000089f00000|100%| E|CS|TAMS 0x0000000089e00000, 0x0000000089e00000| Complete 
| 129|0x0000000089f00000, 0x000000008a000000, 0x000000008a000000|100%| E|CS|TAMS 0x0000000089f00000, 0x0000000089f00000| Complete 
| 130|0x000000008a000000, 0x000000008a100000, 0x000000008a100000|100%| E|CS|TAMS 0x000000008a000000, 0x000000008a000000| Complete 
| 131|0x000000008a100000, 0x000000008a200000, 0x000000008a200000|100%| E|CS|TAMS 0x000000008a100000, 0x000000008a100000| Complete 
| 132|0x000000008a200000, 0x000000008a300000, 0x000000008a300000|100%| E|CS|TAMS 0x000000008a200000, 0x000000008a200000| Complete 
| 133|0x000000008a300000, 0x000000008a400000, 0x000000008a400000|100%| E|CS|TAMS 0x000000008a300000, 0x000000008a300000| Complete 
| 134|0x000000008a400000, 0x000000008a500000, 0x000000008a500000|100%| E|CS|TAMS 0x000000008a400000, 0x000000008a400000| Complete 
| 135|0x000000008a500000, 0x000000008a600000, 0x000000008a600000|100%| E|CS|TAMS 0x000000008a500000, 0x000000008a500000| Complete 
| 136|0x000000008a600000, 0x000000008a700000, 0x000000008a700000|100%| E|CS|TAMS 0x000000008a600000, 0x000000008a600000| Complete 
| 137|0x000000008a700000, 0x000000008a800000, 0x000000008a800000|100%| E|CS|TAMS 0x000000008a700000, 0x000000008a700000| Complete 
| 138|0x000000008a800000, 0x000000008a900000, 0x000000008a900000|100%| E|CS|TAMS 0x000000008a800000, 0x000000008a800000| Complete 
| 139|0x000000008a900000, 0x000000008aa00000, 0x000000008aa00000|100%| E|CS|TAMS 0x000000008a900000, 0x000000008a900000| Complete 
| 140|0x000000008aa00000, 0x000000008ab00000, 0x000000008ab00000|100%| E|CS|TAMS 0x000000008aa00000, 0x000000008aa00000| Complete 
| 141|0x000000008ab00000, 0x000000008ac00000, 0x000000008ac00000|100%| E|CS|TAMS 0x000000008ab00000, 0x000000008ab00000| Complete 
| 142|0x000000008ac00000, 0x000000008ad00000, 0x000000008ad00000|100%| E|CS|TAMS 0x000000008ac00000, 0x000000008ac00000| Complete 
| 143|0x000000008ad00000, 0x000000008ae00000, 0x000000008ae00000|100%| E|CS|TAMS 0x000000008ad00000, 0x000000008ad00000| Complete 
| 144|0x000000008ae00000, 0x000000008af00000, 0x000000008af00000|100%| E|CS|TAMS 0x000000008ae00000, 0x000000008ae00000| Complete 
| 145|0x000000008af00000, 0x000000008b000000, 0x000000008b000000|100%| E|CS|TAMS 0x000000008af00000, 0x000000008af00000| Complete 
| 146|0x000000008b000000, 0x000000008b100000, 0x000000008b100000|100%| E|CS|TAMS 0x000000008b000000, 0x000000008b000000| Complete 
| 147|0x000000008b100000, 0x000000008b200000, 0x000000008b200000|100%| E|CS|TAMS 0x000000008b100000, 0x000000008b100000| Complete 
| 148|0x000000008b200000, 0x000000008b300000, 0x000000008b300000|100%| E|CS|TAMS 0x000000008b200000, 0x000000008b200000| Complete 
| 149|0x000000008b300000, 0x000000008b400000, 0x000000008b400000|100%| E|CS|TAMS 0x000000008b300000, 0x000000008b300000| Complete 
| 150|0x000000008b400000, 0x000000008b500000, 0x000000008b500000|100%| E|CS|TAMS 0x000000008b400000, 0x000000008b400000| Complete 
| 151|0x000000008b500000, 0x000000008b600000, 0x000000008b600000|100%| E|CS|TAMS 0x000000008b500000, 0x000000008b500000| Complete 
| 152|0x000000008b600000, 0x000000008b700000, 0x000000008b700000|100%| E|CS|TAMS 0x000000008b600000, 0x000000008b600000| Complete 
| 153|0x000000008b700000, 0x000000008b800000, 0x000000008b800000|100%| E|CS|TAMS 0x000000008b700000, 0x000000008b700000| Complete 
| 154|0x000000008b800000, 0x000000008b900000, 0x000000008b900000|100%| E|CS|TAMS 0x000000008b800000, 0x000000008b800000| Complete 
| 155|0x000000008b900000, 0x000000008ba00000, 0x000000008ba00000|100%| E|CS|TAMS 0x000000008b900000, 0x000000008b900000| Complete 
| 156|0x000000008ba00000, 0x000000008bb00000, 0x000000008bb00000|100%| E|CS|TAMS 0x000000008ba00000, 0x000000008ba00000| Complete 
| 157|0x000000008bb00000, 0x000000008bc00000, 0x000000008bc00000|100%| E|CS|TAMS 0x000000008bb00000, 0x000000008bb00000| Complete 
| 158|0x000000008bc00000, 0x000000008bd00000, 0x000000008bd00000|100%| E|CS|TAMS 0x000000008bc00000, 0x000000008bc00000| Complete 
| 159|0x000000008bd00000, 0x000000008be00000, 0x000000008be00000|100%| E|CS|TAMS 0x000000008bd00000, 0x000000008bd00000| Complete 
| 160|0x000000008be00000, 0x000000008bf00000, 0x000000008bf00000|100%| E|CS|TAMS 0x000000008be00000, 0x000000008be00000| Complete 
| 161|0x000000008bf00000, 0x000000008c000000, 0x000000008c000000|100%| E|CS|TAMS 0x000000008bf00000, 0x000000008bf00000| Complete 
| 162|0x000000008c000000, 0x000000008c100000, 0x000000008c100000|100%| E|CS|TAMS 0x000000008c000000, 0x000000008c000000| Complete 
| 163|0x000000008c100000, 0x000000008c200000, 0x000000008c200000|100%| E|CS|TAMS 0x000000008c100000, 0x000000008c100000| Complete 
| 164|0x000000008c200000, 0x000000008c300000, 0x000000008c300000|100%| E|CS|TAMS 0x000000008c200000, 0x000000008c200000| Complete 
| 165|0x000000008c300000, 0x000000008c400000, 0x000000008c400000|100%| E|CS|TAMS 0x000000008c300000, 0x000000008c300000| Complete 
| 166|0x000000008c400000, 0x000000008c500000, 0x000000008c500000|100%| E|CS|TAMS 0x000000008c400000, 0x000000008c400000| Complete 
| 167|0x000000008c500000, 0x000000008c600000, 0x000000008c600000|100%| E|CS|TAMS 0x000000008c500000, 0x000000008c500000| Complete 
| 168|0x000000008c600000, 0x000000008c700000, 0x000000008c700000|100%| E|CS|TAMS 0x000000008c600000, 0x000000008c600000| Complete 
| 169|0x000000008c700000, 0x000000008c800000, 0x000000008c800000|100%| E|CS|TAMS 0x000000008c700000, 0x000000008c700000| Complete 
| 170|0x000000008c800000, 0x000000008c900000, 0x000000008c900000|100%| E|CS|TAMS 0x000000008c800000, 0x000000008c800000| Complete 
| 171|0x000000008c900000, 0x000000008ca00000, 0x000000008ca00000|100%| E|CS|TAMS 0x000000008c900000, 0x000000008c900000| Complete 
| 172|0x000000008ca00000, 0x000000008cb00000, 0x000000008cb00000|100%| E|CS|TAMS 0x000000008ca00000, 0x000000008ca00000| Complete 
| 173|0x000000008cb00000, 0x000000008cc00000, 0x000000008cc00000|100%| E|CS|TAMS 0x000000008cb00000, 0x000000008cb00000| Complete 
| 174|0x000000008cc00000, 0x000000008cd00000, 0x000000008cd00000|100%| E|CS|TAMS 0x000000008cc00000, 0x000000008cc00000| Complete 
| 175|0x000000008cd00000, 0x000000008ce00000, 0x000000008ce00000|100%| E|CS|TAMS 0x000000008cd00000, 0x000000008cd00000| Complete 
| 176|0x000000008ce00000, 0x000000008cf00000, 0x000000008cf00000|100%| E|CS|TAMS 0x000000008ce00000, 0x000000008ce00000| Complete 
| 177|0x000000008cf00000, 0x000000008d000000, 0x000000008d000000|100%| E|CS|TAMS 0x000000008cf00000, 0x000000008cf00000| Complete 
| 178|0x000000008d000000, 0x000000008d100000, 0x000000008d100000|100%| E|CS|TAMS 0x000000008d000000, 0x000000008d000000| Complete 
| 179|0x000000008d100000, 0x000000008d200000, 0x000000008d200000|100%| E|CS|TAMS 0x000000008d100000, 0x000000008d100000| Complete 
| 180|0x000000008d200000, 0x000000008d300000, 0x000000008d300000|100%| E|CS|TAMS 0x000000008d200000, 0x000000008d200000| Complete 
| 181|0x000000008d300000, 0x000000008d400000, 0x000000008d400000|100%| E|CS|TAMS 0x000000008d300000, 0x000000008d300000| Complete 
| 182|0x000000008d400000, 0x000000008d500000, 0x000000008d500000|100%| E|CS|TAMS 0x000000008d400000, 0x000000008d400000| Complete 
| 183|0x000000008d500000, 0x000000008d600000, 0x000000008d600000|100%| E|CS|TAMS 0x000000008d500000, 0x000000008d500000| Complete 
| 184|0x000000008d600000, 0x000000008d700000, 0x000000008d700000|100%| E|CS|TAMS 0x000000008d600000, 0x000000008d600000| Complete 

Card table byte_map: [0x0000022b75290000,0x0000022b75690000] _byte_map_base: 0x0000022b74e81000

Marking Bits (Prev, Next): (CMBitMap*) 0x0000022b5d880a28, (CMBitMap*) 0x0000022b5d880a60
 Prev Bits: [0x0000022b75a90000, 0x0000022b77a18000)
 Next Bits: [0x0000022b77a20000, 0x0000022b799a8000)

Polling page: 0x0000022b5b830000

Metaspace:

Usage:
  Non-class:     55.44 MB capacity,    54.32 MB ( 98%) used,   931.84 KB (  2%) free+waste,   213.19 KB ( <1%) overhead. 
      Class:      8.75 MB capacity,     8.04 MB ( 92%) used,   619.02 KB (  7%) free+waste,   102.75 KB (  1%) overhead. 
       Both:     64.18 MB capacity,    62.36 MB ( 97%) used,     1.51 MB (  2%) free+waste,   315.94 KB ( <1%) overhead. 

Virtual space:
  Non-class space:       56.00 MB reserved,      55.67 MB (>99%) committed 
      Class space:        1.00 GB reserved,       8.75 MB ( <1%) committed 
             Both:        1.05 GB reserved,      64.42 MB (  6%) committed 

Chunk freelists:
   Non-Class:  46.00 KB
       Class:  2.00 KB
        Both:  48.00 KB

MaxMetaspaceSize: 17179869184.00 GB
CompressedClassSpaceSize: 1.00 GB

CodeHeap 'non-profiled nmethods': size=238912Kb used=11137Kb max_used=11137Kb free=227774Kb
 bounds [0x0000022b66540000, 0x0000022b67030000, 0x0000022b74e90000]
CodeHeap 'non-nmethods': size=6848Kb used=1275Kb max_used=1275Kb free=5572Kb
 bounds [0x0000022b65e90000, 0x0000022b66100000, 0x0000022b66540000]
 total_blobs=7538 nmethods=6569 adapters=586
 compilation: enabled
              stopped_count=0, restarted_count=0
 full_count=0

Compilation events (20 events):
Event: 33382.517 Thread 0x0000022b7c822800 6639       1       org.springframework.beans.factory.support.DefaultListableBeanFactory$$Lambda$254/0x000000010028c040::<init> (10 bytes)
Event: 33382.517 Thread 0x0000022b7c822800 nmethod 6639 0x0000022b6701d010 code [0x0000022b6701d1c0, 0x0000022b6701d318]
Event: 33382.517 Thread 0x0000022b7c822800 6640       1       org.springframework.beans.factory.support.DefaultListableBeanFactory$$Lambda$255/0x000000010028c440::get$Lambda (9 bytes)
Event: 33382.517 Thread 0x0000022b7c822800 nmethod 6640 0x0000022b6701d390 code [0x0000022b6701d540, 0x0000022b6701d6d8]
Event: 33382.517 Thread 0x0000022b7c822800 6641       1       org.springframework.beans.factory.support.DefaultListableBeanFactory$$Lambda$255/0x000000010028c440::<init> (10 bytes)
Event: 33382.517 Thread 0x0000022b7c822800 nmethod 6641 0x0000022b6701d790 code [0x0000022b6701d940, 0x0000022b6701da98]
Event: 33382.518 Thread 0x0000022b7c822800 6642       1       org.springframework.beans.factory.support.DefaultListableBeanFactory$$Lambda$255/0x000000010028c440::test (12 bytes)
Event: 33382.518 Thread 0x0000022b7c822800 nmethod 6642 0x0000022b6701db10 code [0x0000022b6701dcc0, 0x0000022b6701de70]
Event: 33382.521 Thread 0x0000022b7c822800 6645       1       org.springframework.boot.ansi.AnsiOutput::buildEnabled (127 bytes)
Event: 33382.524 Thread 0x0000022b7c822800 nmethod 6645 0x0000022b6701df10 code [0x0000022b6701e140, 0x0000022b6701e520]
Event: 33382.524 Thread 0x0000022b7c822800 6646       1       ch.qos.logback.core.pattern.CompositeConverter::convert (43 bytes)
Event: 33382.526 Thread 0x0000022b7c822800 nmethod 6646 0x0000022b6701e810 code [0x0000022b6701ea00, 0x0000022b6701edb0]
Event: 33382.526 Thread 0x0000022b7c822800 6643       1       org.springframework.boot.ansi.AnsiOutput::toString (32 bytes)
Event: 33382.527 Thread 0x0000022b7c822800 nmethod 6643 0x0000022b6701ef90 code [0x0000022b6701f180, 0x0000022b6701f4e0]
Event: 33382.527 Thread 0x0000022b7c822800 6644       1       org.springframework.boot.ansi.AnsiOutput::isEnabled (46 bytes)
Event: 33382.530 Thread 0x0000022b7c822800 nmethod 6644 0x0000022b6701f690 code [0x0000022b6701f860, 0x0000022b6701fa70]
Event: 33382.530 Thread 0x0000022b7c822800 6647       1       org.springframework.boot.logging.logback.ColorConverter::transform (10 bytes)
Event: 33382.531 Thread 0x0000022b7c822800 nmethod 6647 0x0000022b6701fb10 code [0x0000022b6701fcc0, 0x0000022b6701fe50]
Event: 33382.531 Thread 0x0000022b7c822800 6648       1       org.springframework.boot.logging.logback.ColorConverter::transform (60 bytes)
Event: 33382.533 Thread 0x0000022b7c822800 nmethod 6648 0x0000022b6701ff10 code [0x0000022b67020140, 0x0000022b670206e0]

GC Heap History (20 events):
Event: 1942.841 GC heap before
{Heap before GC invocations=17 (full 0):
 garbage-first heap   total 189440K, used 138741K [0x0000000081e00000, 0x0000000100000000)
  region size 1024K, 110 young (112640K), 5 survivors (5120K)
 Metaspace       used 63671K, capacity 65450K, committed 65708K, reserved 1105920K
  class space    used 8206K, capacity 8908K, committed 8960K, reserved 1048576K
}
Event: 1942.853 GC heap after
{Heap after GC invocations=18 (full 0):
 garbage-first heap   total 189440K, used 35215K [0x0000000081e00000, 0x0000000100000000)
  region size 1024K, 8 young (8192K), 8 survivors (8192K)
 Metaspace       used 63671K, capacity 65450K, committed 65708K, reserved 1105920K
  class space    used 8206K, capacity 8908K, committed 8960K, reserved 1048576K
}
Event: 25886.257 GC heap before
{Heap before GC invocations=18 (full 0):
 garbage-first heap   total 189440K, used 139663K [0x0000000081e00000, 0x0000000100000000)
  region size 1024K, 111 young (113664K), 8 survivors (8192K)
 Metaspace       used 63736K, capacity 65514K, committed 65708K, reserved 1105920K
  class space    used 8215K, capacity 8908K, committed 8960K, reserved 1048576K
}
Event: 25886.291 GC heap after
{Heap after GC invocations=19 (full 0):
 garbage-first heap   total 189440K, used 39823K [0x0000000081e00000, 0x0000000100000000)
  region size 1024K, 12 young (12288K), 12 survivors (12288K)
 Metaspace       used 63736K, capacity 65514K, committed 65708K, reserved 1105920K
  class space    used 8215K, capacity 8908K, committed 8960K, reserved 1048576K
}
Event: 26789.068 GC heap before
{Heap before GC invocations=19 (full 0):
 garbage-first heap   total 189440K, used 141199K [0x0000000081e00000, 0x0000000100000000)
  region size 1024K, 111 young (113664K), 12 survivors (12288K)
 Metaspace       used 63737K, capacity 65514K, committed 65708K, reserved 1105920K
  class space    used 8215K, capacity 8908K, committed 8960K, reserved 1048576K
}
Event: 26789.203 GC heap after
{Heap after GC invocations=20 (full 0):
 garbage-first heap   total 189440K, used 39489K [0x0000000081e00000, 0x0000000100000000)
  region size 1024K, 6 young (6144K), 6 survivors (6144K)
 Metaspace       used 63737K, capacity 65514K, committed 65708K, reserved 1105920K
  class space    used 8215K, capacity 8908K, committed 8960K, reserved 1048576K
}
Event: 27619.143 GC heap before
{Heap before GC invocations=20 (full 0):
 garbage-first heap   total 189440K, used 147009K [0x0000000081e00000, 0x0000000100000000)
  region size 1024K, 111 young (113664K), 6 survivors (6144K)
 Metaspace       used 63737K, capacity 65514K, committed 65708K, reserved 1105920K
  class space    used 8215K, capacity 8908K, committed 8960K, reserved 1048576K
}
Event: 27619.201 GC heap after
{Heap after GC invocations=21 (full 0):
 garbage-first heap   total 189440K, used 39617K [0x0000000081e00000, 0x0000000100000000)
  region size 1024K, 6 young (6144K), 6 survivors (6144K)
 Metaspace       used 63737K, capacity 65514K, committed 65708K, reserved 1105920K
  class space    used 8215K, capacity 8908K, committed 8960K, reserved 1048576K
}
Event: 28476.845 GC heap before
{Heap before GC invocations=21 (full 0):
 garbage-first heap   total 189440K, used 147137K [0x0000000081e00000, 0x0000000100000000)
  region size 1024K, 111 young (113664K), 6 survivors (6144K)
 Metaspace       used 63741K, capacity 65514K, committed 65708K, reserved 1105920K
  class space    used 8215K, capacity 8908K, committed 8960K, reserved 1048576K
}
Event: 28476.931 GC heap after
{Heap after GC invocations=22 (full 0):
 garbage-first heap   total 189440K, used 40350K [0x0000000081e00000, 0x0000000100000000)
  region size 1024K, 6 young (6144K), 6 survivors (6144K)
 Metaspace       used 63741K, capacity 65514K, committed 65708K, reserved 1105920K
  class space    used 8215K, capacity 8908K, committed 8960K, reserved 1048576K
}
Event: 29381.125 GC heap before
{Heap before GC invocations=22 (full 0):
 garbage-first heap   total 189440K, used 146846K [0x0000000081e00000, 0x0000000100000000)
  region size 1024K, 111 young (113664K), 6 survivors (6144K)
 Metaspace       used 63741K, capacity 65514K, committed 65708K, reserved 1105920K
  class space    used 8215K, capacity 8908K, committed 8960K, reserved 1048576K
}
Event: 29381.183 GC heap after
{Heap after GC invocations=23 (full 0):
 garbage-first heap   total 189440K, used 39341K [0x0000000081e00000, 0x0000000100000000)
  region size 1024K, 5 young (5120K), 5 survivors (5120K)
 Metaspace       used 63741K, capacity 65514K, committed 65708K, reserved 1105920K
  class space    used 8215K, capacity 8908K, committed 8960K, reserved 1048576K
}
Event: 30179.170 GC heap before
{Heap before GC invocations=23 (full 0):
 garbage-first heap   total 189440K, used 146861K [0x0000000081e00000, 0x0000000100000000)
  region size 1024K, 111 young (113664K), 5 survivors (5120K)
 Metaspace       used 63741K, capacity 65514K, committed 65708K, reserved 1105920K
  class space    used 8215K, capacity 8908K, committed 8960K, reserved 1048576K
}
Event: 30179.214 GC heap after
{Heap after GC invocations=24 (full 0):
 garbage-first heap   total 189440K, used 40513K [0x0000000081e00000, 0x0000000100000000)
  region size 1024K, 7 young (7168K), 7 survivors (7168K)
 Metaspace       used 63741K, capacity 65514K, committed 65708K, reserved 1105920K
  class space    used 8215K, capacity 8908K, committed 8960K, reserved 1048576K
}
Event: 31096.631 GC heap before
{Heap before GC invocations=24 (full 0):
 garbage-first heap   total 189440K, used 147009K [0x0000000081e00000, 0x0000000100000000)
  region size 1024K, 111 young (113664K), 7 survivors (7168K)
 Metaspace       used 63741K, capacity 65514K, committed 65708K, reserved 1105920K
  class space    used 8215K, capacity 8908K, committed 8960K, reserved 1048576K
}
Event: 31096.678 GC heap after
{Heap after GC invocations=25 (full 0):
 garbage-first heap   total 189440K, used 39956K [0x0000000081e00000, 0x0000000100000000)
  region size 1024K, 6 young (6144K), 6 survivors (6144K)
 Metaspace       used 63741K, capacity 65514K, committed 65708K, reserved 1105920K
  class space    used 8215K, capacity 8908K, committed 8960K, reserved 1048576K
}
Event: 31870.243 GC heap before
{Heap before GC invocations=25 (full 0):
 garbage-first heap   total 189440K, used 146452K [0x0000000081e00000, 0x0000000100000000)
  region size 1024K, 111 young (113664K), 6 survivors (6144K)
 Metaspace       used 63749K, capacity 65514K, committed 65708K, reserved 1105920K
  class space    used 8215K, capacity 8908K, committed 8960K, reserved 1048576K
}
Event: 31870.297 GC heap after
{Heap after GC invocations=26 (full 0):
 garbage-first heap   total 189440K, used 40717K [0x0000000081e00000, 0x0000000100000000)
  region size 1024K, 7 young (7168K), 7 survivors (7168K)
 Metaspace       used 63749K, capacity 65514K, committed 65708K, reserved 1105920K
  class space    used 8215K, capacity 8908K, committed 8960K, reserved 1048576K
}
Event: 32787.948 GC heap before
{Heap before GC invocations=26 (full 0):
 garbage-first heap   total 189440K, used 147213K [0x0000000081e00000, 0x0000000100000000)
  region size 1024K, 111 young (113664K), 7 survivors (7168K)
 Metaspace       used 63749K, capacity 65514K, committed 65708K, reserved 1105920K
  class space    used 8215K, capacity 8908K, committed 8960K, reserved 1048576K
}
Event: 32787.991 GC heap after
{Heap after GC invocations=27 (full 0):
 garbage-first heap   total 189440K, used 40352K [0x0000000081e00000, 0x0000000100000000)
  region size 1024K, 6 young (6144K), 6 survivors (6144K)
 Metaspace       used 63749K, capacity 65514K, committed 65708K, reserved 1105920K
  class space    used 8215K, capacity 8908K, committed 8960K, reserved 1048576K
}

Deoptimization events (10 events):
Event: 5.850 Thread 0x0000022b7d3ca000 DEOPT PACKING pc=0x0000022b66840a64 sp=0x000000a4eadfc8f0
Event: 5.850 Thread 0x0000022b7d3ca000 DEOPT UNPACKING pc=0x0000022b65eb8d4e sp=0x000000a4eadfbe58 mode 0
Event: 8.911 Thread 0x0000022b7d3ca000 DEOPT PACKING pc=0x0000022b6687582f sp=0x000000a4eadfb550
Event: 8.911 Thread 0x0000022b7d3ca000 DEOPT UNPACKING pc=0x0000022b65eb8d4e sp=0x000000a4eadfaa58 mode 3
Event: 8.912 Thread 0x0000022b7d3ca000 DEOPT PACKING pc=0x0000022b66872981 sp=0x000000a4eadfb520
Event: 8.912 Thread 0x0000022b7d3ca000 DEOPT UNPACKING pc=0x0000022b65eb8d4e sp=0x000000a4eadfaa58 mode 3
Event: 22.931 Thread 0x0000022b00c60800 DEOPT PACKING pc=0x0000022b666d094c sp=0x000000a4ebffb910
Event: 22.931 Thread 0x0000022b00c60800 DEOPT UNPACKING pc=0x0000022b65eb8d4e sp=0x000000a4ebffae28 mode 0
Event: 22.931 Thread 0x0000022b00c60000 DEOPT PACKING pc=0x0000022b666d0ac3 sp=0x000000a4ec2fbcb0
Event: 22.931 Thread 0x0000022b00c60000 DEOPT UNPACKING pc=0x0000022b65eb8d4e sp=0x000000a4ec2fb1c8 mode 0

Classes redefined (0 events):
No events

Internal exceptions (20 events):
Event: 10.187 Thread 0x0000022b7d3ca000 Exception <a 'java/lang/NoSuchMethodError'{0x0000000087996d58}: 'java.lang.Object java.lang.invoke.DirectMethodHandle$Holder.invokeSpecialIFC(java.lang.Object, java.lang.Object, java.lang.Object)'> (0x0000000087996d58) thrown at [./src/hotspot/share/interpreter/linkResolver.cpp, line 773]
Event: 10.303 Thread 0x0000022b7d3ca000 Exception <a 'java/lang/ClassNotFoundException'{0x000000008d57e4e8}: java/lang/ObjectCustomizer> (0x000000008d57e4e8) thrown at [./src/hotspot/share/classfile/systemDictionary.cpp, line 231]
Event: 10.305 Thread 0x0000022b7d3ca000 Exception <a 'java/lang/ClassNotFoundException'{0x000000008d5c20e8}: net/enterComputer/site/model/ContactUsCustomizer> (0x000000008d5c20e8) thrown at [./src/hotspot/share/classfile/systemDictionary.cpp, line 231]
Event: 10.329 Thread 0x0000022b7d3ca000 Exception <a 'java/lang/NoSuchMethodError'{0x000000008d4bbad8}: 'int java.lang.invoke.DirectMethodHandle$Holder.invokeVirtual(java.lang.Object, java.lang.Object, java.lang.Object)'> (0x000000008d4bbad8) thrown at [./src/hotspot/share/interpreter/linkResolver.cpp, line 773]
Event: 10.376 Thread 0x0000022b7d3ca000 Exception <a 'java/lang/IncompatibleClassChangeError'{0x000000008d269b98}: Found class java.lang.Object, but interface was expected> (0x000000008d269b98) thrown at [./src/hotspot/share/interpreter/linkResolver.cpp, line 839]
Event: 22.178 Thread 0x0000022b00c62800 Exception <a 'java/lang/ClassNotFoundException'{0x000000008aab1680}: java/lang/ObjectCustomizer> (0x000000008aab1680) thrown at [./src/hotspot/share/classfile/systemDictionary.cpp, line 231]
Event: 22.186 Thread 0x0000022b00c62800 Exception <a 'java/lang/ClassNotFoundException'{0x000000008aac8708}: net/enterComputer/site/model/ContactUsCustomizer> (0x000000008aac8708) thrown at [./src/hotspot/share/classfile/systemDictionary.cpp, line 231]
Event: 46.733 Thread 0x0000022b00c63000 Exception <a 'java/lang/NullPointerException'{0x0000000089c6b838}> (0x0000000089c6b838) thrown at [./src/hotspot/share/interpreter/linkResolver.cpp, line 1358]
Event: 46.733 Thread 0x0000022b00c63000 Exception <a 'java/lang/reflect/InvocationTargetException'{0x0000000089c6bdb0}> (0x0000000089c6bdb0) thrown at [./src/hotspot/share/runtime/reflection.cpp, line 1247]
Event: 46.771 Thread 0x0000022b00c63000 Exception <a 'java/lang/NoClassDefFoundError'{0x0000000089b74b68}: sun/reflect/Reflection> (0x0000000089b74b68) thrown at [./src/hotspot/share/classfile/systemDictionary.cpp, line 220]
Event: 1765.903 Thread 0x0000022b00c5e000 Exception <a 'java/net/SocketException'{0x000000008922c2e0}: Software caused connection abort: socket write error> (0x000000008922c2e0) thrown at [./src/hotspot/share/prims/jni.cpp, line 636]
Event: 1802.518 Thread 0x0000022b00c5e000 Exception <a 'java/net/SocketException'{0x000000008802a7d8}: Software caused connection abort: socket write error> (0x000000008802a7d8) thrown at [./src/hotspot/share/prims/jni.cpp, line 636]
Event: 13358.588 Thread 0x0000022b00c5e000 Exception <a 'java/net/SocketException'{0x00000000890eeb38}: Software caused connection abort: socket write error> (0x00000000890eeb38) thrown at [./src/hotspot/share/prims/jni.cpp, line 636]
Event: 13358.594 Thread 0x0000022b00c5e000 Exception <a 'java/net/SocketException'{0x00000000890f1908}: Software caused connection abort: socket write error> (0x00000000890f1908) thrown at [./src/hotspot/share/prims/jni.cpp, line 636]
Event: 13358.597 Thread 0x0000022b00c5e000 Exception <a 'java/net/SocketException'{0x00000000890f3188}: Software caused connection abort: socket write error> (0x00000000890f3188) thrown at [./src/hotspot/share/prims/jni.cpp, line 636]
Event: 13358.605 Thread 0x0000022b00c5e000 Exception <a 'java/net/SocketException'{0x00000000890f4a08}: Software caused connection abort: socket write error> (0x00000000890f4a08) thrown at [./src/hotspot/share/prims/jni.cpp, line 636]
Event: 25861.280 Thread 0x0000022b00c5e000 Exception <a 'java/net/SocketException'{0x0000000087a82e08}: Software caused connection abort: socket write error> (0x0000000087a82e08) thrown at [./src/hotspot/share/prims/jni.cpp, line 636]
Event: 25861.284 Thread 0x0000022b00c5e000 Exception <a 'java/net/SocketException'{0x0000000087a84688}: Software caused connection abort: socket write error> (0x0000000087a84688) thrown at [./src/hotspot/share/prims/jni.cpp, line 636]
Event: 27624.431 Thread 0x0000022b00c5e000 Exception <a 'java/net/SocketException'{0x000000008d5017d8}: Software caused connection abort: socket write error> (0x000000008d5017d8) thrown at [./src/hotspot/share/prims/jni.cpp, line 636]
Event: 33382.306 Thread 0x0000022b7d260000 Exception <a 'java/lang/InterruptedException'{0x0000000087e56460}: sleep interrupted> (0x0000000087e56460) thrown at [./src/hotspot/share/prims/jvm.cpp, line 3107]

Events (20 events):
Event: 33382.569 Executing VM operation: BulkRevokeBias
Event: 33382.569 Executing VM operation: BulkRevokeBias done
Event: 33382.569 Executing VM operation: BulkRevokeBias
Event: 33382.570 Executing VM operation: BulkRevokeBias done
Event: 33382.570 Executing VM operation: BulkRevokeBias
Event: 33382.571 Executing VM operation: BulkRevokeBias done
Event: 33382.571 Executing VM operation: BulkRevokeBias
Event: 33382.571 Executing VM operation: BulkRevokeBias done
Event: 33382.572 Executing VM operation: BulkRevokeBias
Event: 33382.573 Executing VM operation: BulkRevokeBias done
Event: 33382.573 Executing VM operation: BulkRevokeBias
Event: 33382.574 Executing VM operation: BulkRevokeBias done
Event: 33382.574 Executing VM operation: RevokeBias
Event: 33382.574 Executing VM operation: RevokeBias done
Event: 33382.577 Executing VM operation: BulkRevokeBias
Event: 33382.577 Executing VM operation: BulkRevokeBias done
Event: 33382.588 Executing VM operation: RevokeBias
Event: 33382.589 Executing VM operation: RevokeBias done
Event: 33382.589 Thread 0x0000022b00c62800 Thread exited: 0x0000022b00c62800
Event: 33382.612 Executing VM operation: G1CollectFull


Dynamic libraries:
0x00007ff655400000 - 0x00007ff65540d000 	C:\Program Files\AdoptOpenJDK\jdk-11.0.7.10-hotspot\bin\java.exe
0x00007fff1bc20000 - 0x00007fff1be10000 	C:\WINDOWS\SYSTEM32\ntdll.dll
0x00007ffee4f30000 - 0x00007ffee4f42000 	C:\Program Files\Avast Software\Avast\aswhook.dll
0x00007fff1a4d0000 - 0x00007fff1a582000 	C:\WINDOWS\System32\KERNEL32.DLL
0x00007fff18ff0000 - 0x00007fff19294000 	C:\WINDOWS\System32\KERNELBASE.dll
0x00007fff18c50000 - 0x00007fff18d4a000 	C:\WINDOWS\System32\ucrtbase.dll
0x00007fff16940000 - 0x00007fff16957000 	C:\Program Files\AdoptOpenJDK\jdk-11.0.7.10-hotspot\bin\jli.dll
0x00007fff1b750000 - 0x00007fff1b8e5000 	C:\WINDOWS\System32\USER32.dll
0x00007fff18c20000 - 0x00007fff18c41000 	C:\WINDOWS\System32\win32u.dll
0x00007fff1a610000 - 0x00007fff1a636000 	C:\WINDOWS\System32\GDI32.dll
0x00007fff18d50000 - 0x00007fff18ee6000 	C:\WINDOWS\System32\gdi32full.dll
0x00007fff19a90000 - 0x00007fff19b2e000 	C:\WINDOWS\System32\msvcp_win.dll
0x00007fff0ffe0000 - 0x00007fff0fff5000 	C:\Program Files\AdoptOpenJDK\jdk-11.0.7.10-hotspot\bin\VCRUNTIME140.dll
0x00007fff0aad0000 - 0x00007fff0ad54000 	C:\WINDOWS\WinSxS\amd64_microsoft.windows.common-controls_6595b64144ccf1df_6.0.18362.1016_none_9e7a36bbe461dae4\COMCTL32.dll
0x00007fff1a800000 - 0x00007fff1a89e000 	C:\WINDOWS\System32\msvcrt.dll
0x00007fff1b410000 - 0x00007fff1b745000 	C:\WINDOWS\System32\combase.dll
0x00007fff1b230000 - 0x00007fff1b350000 	C:\WINDOWS\System32\RPCRT4.dll
0x00007fff18ba0000 - 0x00007fff18c20000 	C:\WINDOWS\System32\bcryptPrimitives.dll
0x00007fff19fd0000 - 0x00007fff19ffe000 	C:\WINDOWS\System32\IMM32.DLL
0x00007fff005b0000 - 0x00007fff0064b000 	C:\Program Files\AdoptOpenJDK\jdk-11.0.7.10-hotspot\bin\msvcp140.dll
0x00007ffeb6640000 - 0x00007ffeb70fc000 	C:\Program Files\AdoptOpenJDK\jdk-11.0.7.10-hotspot\bin\server\jvm.dll
0x00007fff1bab0000 - 0x00007fff1bb53000 	C:\WINDOWS\System32\ADVAPI32.dll
0x00007fff19f30000 - 0x00007fff19fc7000 	C:\WINDOWS\System32\sechost.dll
0x00007fff1a640000 - 0x00007fff1a648000 	C:\WINDOWS\System32\PSAPI.DLL
0x00007ffefd020000 - 0x00007ffefd029000 	C:\WINDOWS\SYSTEM32\WSOCK32.dll
0x00007fff1a650000 - 0x00007fff1a6bf000 	C:\WINDOWS\System32\WS2_32.dll
0x00007fff16880000 - 0x00007fff168a4000 	C:\WINDOWS\SYSTEM32\WINMM.dll
0x00007fff11130000 - 0x00007fff1113a000 	C:\WINDOWS\SYSTEM32\VERSION.dll
0x00007fff163b0000 - 0x00007fff163dd000 	C:\WINDOWS\SYSTEM32\WINMMBASE.dll
0x00007fff19b30000 - 0x00007fff19b7a000 	C:\WINDOWS\System32\cfgmgr32.dll
0x00007fff18b80000 - 0x00007fff18b91000 	C:\WINDOWS\System32\kernel.appcore.dll
0x00007fff10020000 - 0x00007fff10030000 	C:\Program Files\AdoptOpenJDK\jdk-11.0.7.10-hotspot\bin\verify.dll
0x00007fff10320000 - 0x00007fff10514000 	C:\WINDOWS\SYSTEM32\DBGHELP.DLL
0x00007fff102d0000 - 0x00007fff102fa000 	C:\WINDOWS\SYSTEM32\dbgcore.DLL
0x00007fff0f0d0000 - 0x00007fff0f0f8000 	C:\Program Files\AdoptOpenJDK\jdk-11.0.7.10-hotspot\bin\java.dll
0x00007fff0ffd0000 - 0x00007fff0ffde000 	C:\Program Files\AdoptOpenJDK\jdk-11.0.7.10-hotspot\bin\instrument.dll
0x00007fff0f1a0000 - 0x00007fff0f1b6000 	C:\Program Files\AdoptOpenJDK\jdk-11.0.7.10-hotspot\bin\zip.dll
0x00007fff0f0a0000 - 0x00007fff0f0aa000 	C:\Program Files\AdoptOpenJDK\jdk-11.0.7.10-hotspot\bin\jimage.dll
0x00007fff1aa70000 - 0x00007fff1b157000 	C:\WINDOWS\System32\SHELL32.dll
0x00007fff1b360000 - 0x00007fff1b409000 	C:\WINDOWS\System32\shcore.dll
0x00007fff19300000 - 0x00007fff19a82000 	C:\WINDOWS\System32\windows.storage.dll
0x00007fff18b00000 - 0x00007fff18b23000 	C:\WINDOWS\System32\profapi.dll
0x00007fff18b30000 - 0x00007fff18b7a000 	C:\WINDOWS\System32\powrprof.dll
0x00007fff18ad0000 - 0x00007fff18ae0000 	C:\WINDOWS\System32\UMPDC.dll
0x00007fff1bb80000 - 0x00007fff1bbd2000 	C:\WINDOWS\System32\shlwapi.dll
0x00007fff18fa0000 - 0x00007fff18fb7000 	C:\WINDOWS\System32\cryptsp.dll
0x00007fff0f020000 - 0x00007fff0f039000 	C:\Program Files\AdoptOpenJDK\jdk-11.0.7.10-hotspot\bin\net.dll
0x00007fff124d0000 - 0x00007fff125c0000 	C:\WINDOWS\SYSTEM32\WINHTTP.dll
0x00007fff182d0000 - 0x00007fff18337000 	C:\WINDOWS\system32\mswsock.dll
0x00007fff0f000000 - 0x00007fff0f012000 	C:\Program Files\AdoptOpenJDK\jdk-11.0.7.10-hotspot\bin\nio.dll
0x00007fff0e8c0000 - 0x00007fff0e8da000 	C:\Program Files\JetBrains\IntelliJ IDEA 2020.1\bin\breakgen64.dll
0x00007fff18020000 - 0x00007fff180eb000 	C:\WINDOWS\SYSTEM32\DNSAPI.dll
0x00007fff1b350000 - 0x00007fff1b358000 	C:\WINDOWS\System32\NSI.dll
0x00007fff17fe0000 - 0x00007fff1801a000 	C:\WINDOWS\SYSTEM32\IPHLPAPI.DLL
0x00007fff05ba0000 - 0x00007fff05baa000 	C:\Windows\System32\rasadhlp.dll
0x00007fff0eeb0000 - 0x00007fff0ef27000 	C:\WINDOWS\System32\fwpuclnt.dll
0x00007fff18fc0000 - 0x00007fff18fe6000 	C:\WINDOWS\System32\bcrypt.dll
0x00007fff041f0000 - 0x00007fff041f9000 	C:\Program Files\AdoptOpenJDK\jdk-11.0.7.10-hotspot\bin\management.dll
0x00007fff03d80000 - 0x00007fff03d8b000 	C:\Program Files\AdoptOpenJDK\jdk-11.0.7.10-hotspot\bin\management_ext.dll
0x00007fff17e40000 - 0x00007fff17e73000 	C:\WINDOWS\system32\rsaenh.dll
0x00007fff189f0000 - 0x00007fff18a15000 	C:\WINDOWS\SYSTEM32\USERENV.dll
0x00007fff184a0000 - 0x00007fff184ac000 	C:\WINDOWS\SYSTEM32\CRYPTBASE.dll
0x00007fff0fad0000 - 0x00007fff0fae6000 	C:\WINDOWS\SYSTEM32\dhcpcsvc6.DLL
0x00007fff0ff80000 - 0x00007fff0ff9c000 	C:\WINDOWS\SYSTEM32\dhcpcsvc.DLL
0x00007ffef1040000 - 0x00007ffef1056000 	C:\WINDOWS\system32\napinsp.dll
0x00007ffef1020000 - 0x00007ffef103a000 	C:\WINDOWS\system32\pnrpnsp.dll
0x00007ffef1010000 - 0x00007ffef101e000 	C:\WINDOWS\System32\winrnr.dll
0x00007fff150b0000 - 0x00007fff150cc000 	C:\WINDOWS\system32\NLAapi.dll
0x00007ffefe5b0000 - 0x00007ffefe5c5000 	C:\WINDOWS\system32\wshbth.dll
0x00007fff03d70000 - 0x00007fff03d7e000 	C:\Program Files\AdoptOpenJDK\jdk-11.0.7.10-hotspot\bin\sunmscapi.dll
0x00007fff19b80000 - 0x00007fff19cc9000 	C:\WINDOWS\System32\CRYPT32.dll
0x00007fff18ae0000 - 0x00007fff18af2000 	C:\WINDOWS\System32\MSASN1.dll
0x00007fff185a0000 - 0x00007fff185c6000 	C:\WINDOWS\SYSTEM32\ncrypt.dll
0x00007fff18560000 - 0x00007fff1859b000 	C:\WINDOWS\SYSTEM32\NTASN1.dll
0x00007fff03d40000 - 0x00007fff03d65000 	C:\Program Files\AdoptOpenJDK\jdk-11.0.7.10-hotspot\bin\sunec.dll

dbghelp: loaded successfully - version: 4.0.5 - missing functions: none
symbol engine: initialized successfully - sym options: 0x614 - pdb path: .;C:\Program Files\AdoptOpenJDK\jdk-11.0.7.10-hotspot\bin;C:\WINDOWS\SYSTEM32;C:\Program Files\Avast Software\Avast;C:\WINDOWS\WinSxS\amd64_microsoft.windows.common-controls_6595b64144ccf1df_6.0.18362.1016_none_9e7a36bbe461dae4;C:\Program Files\AdoptOpenJDK\jdk-11.0.7.10-hotspot\bin\server;C:\Program Files\JetBrains\IntelliJ IDEA 2020.1\bin

VM Arguments:
jvm_args: -XX:TieredStopAtLevel=1 -Xverify:none -Dspring.output.ansi.enabled=always -Dcom.sun.management.jmxremote -Dspring.jmx.enabled=true -Dspring.liveBeansView.mbeanDomain -Dspring.application.admin.enabled=true -javaagent:C:\Program Files\JetBrains\IntelliJ IDEA 2020.1\lib\idea_rt.jar=60105:C:\Program Files\JetBrains\IntelliJ IDEA 2020.1\bin -Dfile.encoding=UTF-8 
java_command: net.enterComputer.site.SiteApplication
java_class_path (initial): C:\Users\USER\Desktop\LETS DO IT\Intiallazier\site\site\target\classes;C:\Users\USER\.m2\repository\org\springframework\boot\spring-boot-starter-data-jpa\2.3.2.RELEASE\spring-boot-starter-data-jpa-2.3.2.RELEASE.jar;C:\Users\USER\.m2\repository\org\springframework\boot\spring-boot-starter-aop\2.3.2.RELEASE\spring-boot-starter-aop-2.3.2.RELEASE.jar;C:\Users\USER\.m2\repository\org\springframework\spring-aop\5.2.8.RELEASE\spring-aop-5.2.8.RELEASE.jar;C:\Users\USER\.m2\repository\org\aspectj\aspectjweaver\1.9.6\aspectjweaver-1.9.6.jar;C:\Users\USER\.m2\repository\org\springframework\boot\spring-boot-starter-jdbc\2.3.2.RELEASE\spring-boot-starter-jdbc-2.3.2.RELEASE.jar;C:\Users\USER\.m2\repository\com\zaxxer\HikariCP\3.4.5\HikariCP-3.4.5.jar;C:\Users\USER\.m2\repository\org\springframework\spring-jdbc\5.2.8.RELEASE\spring-jdbc-5.2.8.RELEASE.jar;C:\Users\USER\.m2\repository\jakarta\transaction\jakarta.transaction-api\1.3.3\jakarta.transaction-api-1.3.3.jar;C:\Users\USER\.m2\repository\jakarta\persistence\jakarta.persistence-api\2.2.3\jakarta.persistence-api-2.2.3.jar;C:\Users\USER\.m2\repository\org\hibernate\hibernate-core\5.4.18.Final\hibernate-core-5.4.18.Final.jar;C:\Users\USER\.m2\repository\org\jboss\logging\jboss-logging\3.4.1.Final\jboss-logging-3.4.1.Final.jar;C:\Users\USER\.m2\repository\org\javassist\javassist\3.24.0-GA\javassist-3.24.0-GA.jar;C:\Users\USER\.m2\repository\net\bytebuddy\byte-buddy\1.10.13\byte-buddy-1.10.13.jar;C:\Users\USER\.m2\repository\antlr\antlr\2.7.7\antlr-2.7.7.jar;C:\Users\USER\.m2\repository\org\jboss\jandex\2.1.3.Final\jandex-2.1.3.Final.jar;C:\Users\USER\.m2\repository\com\fasterxml\classmate\1.5.1\classmate-1.5.1.jar;C:\Users\USER\.m2\repository\org\dom4j\dom4j\2.1.3\dom4j-2.1.3.jar;C:\Users\USER\.m2\repository\org\hibernate\common\hibernate-commons-annotations\5.1.0.Final\hibernate-commons-annotations-5.1.0.Final.jar;C:\Users\USER\.m2\repository\org\glassfish\jaxb\jaxb-runtime\2.3.3\jaxb-runtime-2.3.3.j
Launcher Type: SUN_STANDARD

[Global flags]
     bool BytecodeVerificationLocal                = false                                     {product} {command line}
     bool BytecodeVerificationRemote               = false                                     {product} {command line}
     intx CICompilerCount                          = 3                                         {product} {ergonomic}
     uint ConcGCThreads                            = 1                                         {product} {ergonomic}
     uint G1ConcRefinementThreads                  = 4                                         {product} {ergonomic}
   size_t G1HeapRegionSize                         = 1048576                                   {product} {ergonomic}
    uintx GCDrainStackTargetSize                   = 64                                        {product} {ergonomic}
   size_t InitialHeapSize                          = 134217728                                 {product} {ergonomic}
     bool ManagementServer                         = true                                      {product} {command line}
   size_t MarkStackSize                            = 4194304                                   {product} {ergonomic}
   size_t MaxHeapSize                              = 2116026368                                {product} {ergonomic}
   size_t MaxNewSize                               = 1268776960                                {product} {ergonomic}
   size_t MinHeapDeltaBytes                        = 1048576                                   {product} {ergonomic}
    uintx NonNMethodCodeHeapSize                   = 6973028                                {pd product} {ergonomic}
    uintx NonProfiledCodeHeapSize                  = 244685212                              {pd product} {ergonomic}
    uintx ProfiledCodeHeapSize                     = 0                                      {pd product} {ergonomic}
    uintx ReservedCodeCacheSize                    = 251658240                              {pd product} {ergonomic}
     bool SegmentedCodeCache                       = true                                      {product} {ergonomic}
     intx TieredStopAtLevel                        = 1                                         {product} {command line}
     bool UseCompressedClassPointers               = true                                 {lp64_product} {ergonomic}
     bool UseCompressedOops                        = true                                 {lp64_product} {ergonomic}
     bool UseG1GC                                  = true                                      {product} {ergonomic}
     bool UseLargePagesIndividualAllocation        = false                                  {pd product} {ergonomic}

Logging:
Log output configuration:
 #0: stdout all=warning uptime,level,tags
 #1: stderr all=off uptime,level,tags

Environment Variables:
JAVA_HOME=C:\Program Files\AdoptOpenJDK\jdk-11.0.7.10-hotspot
JRE_HOME=C:\Program Files\Java\jre1.8.0_251
PATH=C:\Program Files (x86)\Common Files\Oracle\Java\javapath;C:\Program Files\AdoptOpenJDK\jre-8.0.252.09-hotspot\bin;C:\Program Files\AdoptOpenJDK\jdk-8.0.252.09-hotspot\bin;C:\Program Files\AdoptOpenJDK\jdk-11.0.7.10-hotspot\bin;C:\WINDOWS\system32;C:\WINDOWS;C:\WINDOWS\System32\Wbem;C:\WINDOWS\System32\WindowsPowerShell\v1.0\;C:\WINDOWS\System32\OpenSSH\;C:\Program Files\Microsoft SQL Server\120\Tools\Binn\;C:\Program Files\Microsoft SQL Server\Client SDK\ODBC\110\Tools\Binn\;C:\Program Files (x86)\Microsoft SQL Server\120\Tools\Binn\;C:\Program Files\Microsoft SQL Server\120\DTS\Binn\;C:\Program Files (x86)\Microsoft SQL Server\120\Tools\Binn\ManagementStudio\;C:\Program Files (x86)\Microsoft SQL Server\120\DTS\Binn\;C:\Program Files\Microsoft SQL Server\130\Tools\Binn\;C:\Program Files\Microsoft SQL Server\Client SDK\ODBC\170\Tools\Binn\;C:\Program Files\Java\jdk1.8.0_231\bin;C:\Program Files\Java\jre1.8.0_231\bin;C:\Program Files\Java\jdk-13.0.1\bin;C:\Program Files\Java\jre1.8.0_241\bin;C:\Program Files\Java\jdk\bin;C:\Program Files\apache-maven-3.6.3-bin\apache-maven-3.6.3\bin;C:\Program Files\Java\jre1.8.0_251\bin;C:\Users\USER\Downloads\Compressed\OpenJDK11U-jre_x64_windows_hotspot_11.0.7_10\jdk-11.0.7+10-jre\bin;C:\Users\USER\Downloads\Compressed\spring-boot-cli-2.3.0.RELEASE-bin\spring-2.3.0.RELEASE\bin;C:\Program Files\nodejs\;C:\ProgramData\chocolatey\bin;C:\Program Files (x86)\Yarn\bin\;C:\Program Files\Git\cmd;C:\Program Files\apache-maven-3.6.3-bin\apache-maven-3.6.3\apache-maven-3.6.3\bin;C:\Program Files\MySQL\MySQL Shell 8.0\bin\;C:\Users\USER\AppData\Local\Programs\Python\Python38\Scripts\;C:\Users\USER\AppData\Local\Programs\Python\Python38\;C:\Users\USER\AppData\Local\Microsoft\WindowsApps;C:\Program Files\JetBrains\PyCharm Community Edition 2019.3.3\bin;C:\Program Files\JetBrains\IntelliJ IDEA 2020.1\bin;C:\Users\USER\AppData\Local\Programs\Microsoft VS Code\bin;C:\Users\USER\Downloads\Compressed\spring-boot-cli-2.3.0.RELEASE-bin\spring-2.3.0.R
USERNAME=Fatma
OS=Windows_NT
PROCESSOR_IDENTIFIER=Intel64 Family 6 Model 61 Stepping 4, GenuineIntel



---------------  S Y S T E M  ---------------

OS: Windows 10 , 64 bit Build 18362 (10.0.18362.959)
OS uptime: 0 days 17:18 hours

CPU:total 4 (initial active 4) (2 cores per cpu, 2 threads per core) family 6 model 61 stepping 4, cmov, cx8, fxsr, mmx, sse, sse2, sse3, ssse3, sse4.1, sse4.2, popcnt, avx, avx2, aes, clmul, erms, rtm, 3dnowpref, lzcnt, ht, tsc, tscinvbit, bmi1, bmi2, adx, fma

Memory: 4k page, system-wide physical 8067M (329M free)
TotalPageFile size 19952M (AvailPageFile size 0M)
current process WorkingSet (physical memory assigned to process): 64M, peak: 295M
current process commit charge ("private bytes"): 356M, peak: 357M

vm_info: OpenJDK 64-Bit Server VM (11.0.7+10) for windows-amd64 JRE (11.0.7+10), built on Apr 16 2020 11:43:40 by "" with MS VC++ 15.9 (VS2017)

END.
